#
# There is insufficient memory for the Java Runtime Environment to continue.
# Native memory allocation (mmap) failed to map 258998272 bytes for Failed to commit area from 0x0000000095a00000 to 0x00000000a5100000 of length 258998272.
# Possible reasons:
#   The system is out of physical RAM or swap space
#   The process is running with CompressedOops enabled, and the Java Heap may be blocking the growth of the native heap
# Possible solutions:
#   Reduce memory load on the system
#   Increase physical memory or swap space
#   Check if swap backing store is full
#   Decrease Java heap size (-Xmx/-Xms)
#   Decrease number of Java threads
#   Decrease Java thread stack sizes (-Xss)
#   Set larger code cache with -XX:ReservedCodeCacheSize=
#   JVM is running with Unscaled Compressed Oops mode in which the Java heap is
#     placed in the first 4GB address space. The Java Heap base address is the
#     maximum limit for the native heap growth. Please use -XX:HeapBaseMinAddress
#     to set the Java Heap base and to place the Java Heap above 4GB virtual address.
# This output file may be truncated or incomplete.
#
#  Out of Memory Error (./src/hotspot/os/windows/os_windows.cpp:3301), pid=13724, tid=5280
#
# JRE version: OpenJDK Runtime Environment (11.0.10) (build 11.0.10+0-b96-7249189)
# Java VM: OpenJDK 64-Bit Server VM (11.0.10+0-b96-7249189, mixed mode, tiered, compressed oops, g1 gc, windows-amd64)
# No core dump will be written. Minidumps are not enabled by default on client versions of Windows
#

---------------  S U M M A R Y ------------

Command Line: --add-opens=java.base/java.util=ALL-UNNAMED --add-opens=java.base/java.lang=ALL-UNNAMED --add-opens=java.base/java.lang.invoke=ALL-UNNAMED --add-opens=java.prefs/java.util.prefs=ALL-UNNAMED -Xmx2048m -Dfile.encoding=UTF-8 -Duser.country=US -Duser.language=en -Duser.variant org.gradle.launcher.daemon.bootstrap.GradleDaemon 6.7.1

Host: Intel(R) Core(TM) i3-5005U CPU @ 2.00GHz, 4 cores, 3G,  Windows 10 , 64 bit Build 19041 (10.0.19041.1023)
Time: Tue Aug 10 19:05:41 2021 Romance Daylight Time elapsed time: 166.458754 seconds (0d 0h 2m 46s)

---------------  T H R E A D  ---------------

Current thread (0x0000019b70e30800):  VMThread "VM Thread" [stack: 0x0000006ea4f00000,0x0000006ea5000000] [id=5280]

Stack: [0x0000006ea4f00000,0x0000006ea5000000]
[error occurred during error reporting (printing stack bounds), id 0xc0000005, EXCEPTION_ACCESS_VIOLATION (0xc0000005) at pc=0x0000019b5ad80f2d]

Native frames: (J=compiled Java code, j=interpreted, Vv=VM code, C=native code)
V  [jvm.dll+0x5ecfaa]
V  [jvm.dll+0x722bd5]
V  [jvm.dll+0x72412d]
V  [jvm.dll+0x724745]
V  [jvm.dll+0x7246fb]
V  [jvm.dll+0x5ec348]
V  [jvm.dll+0x5ecad8]
C  [ntdll.dll+0xa217f]
C  [ntdll.dll+0x51454]
C  [ntdll.dll+0xa0cae]
C  0x0000019b5ad80f2d

VM_Operation (0x0000006ea68fe520): G1CollectForAllocation, mode: safepoint, requested by thread 0x0000019b71b7d800


---------------  P R O C E S S  ---------------

Threads class SMR info:
_java_thread_list=0x0000019b75d14690, length=43, elements={
0x0000019b5728e800, 0x0000019b70e35800, 0x0000019b70e39000, 0x0000019b70e8f800,
0x0000019b70e90800, 0x0000019b70e95000, 0x0000019b70ea0000, 0x0000019b70ea1800,
0x0000019b70ea6800, 0x0000019b718f8800, 0x0000019b73026000, 0x0000019b72e53800,
0x0000019b72d18800, 0x0000019b71e0b800, 0x0000019b71e0d000, 0x0000019b71a8f800,
0x0000019b71b74800, 0x0000019b71b7a800, 0x0000019b71b71800, 0x0000019b71b76000,
0x0000019b71b73000, 0x0000019b71b73800, 0x0000019b71b75800, 0x0000019b71b70800,
0x0000019b71b79800, 0x0000019b71b7b000, 0x0000019b71b78800, 0x0000019b71b7c800,
0x0000019b71b77000, 0x0000019b71b7d800, 0x0000019b71b78000, 0x0000019b71b7e800,
0x0000019b71b7f000, 0x0000019b71a90000, 0x0000019b71a92800, 0x0000019b71a96000,
0x0000019b71a91000, 0x0000019b71a93800, 0x0000019b71a97800, 0x0000019b71a95000,
0x0000019b71a94000, 0x0000019b71a96800, 0x0000019b71a92000
}

Java Threads: ( => current thread )
  0x0000019b5728e800 JavaThread "main" [_thread_blocked, id=8380, stack(0x0000006ea4900000,0x0000006ea4a00000)]
  0x0000019b70e35800 JavaThread "Reference Handler" daemon [_thread_blocked, id=10800, stack(0x0000006ea5000000,0x0000006ea5100000)]
  0x0000019b70e39000 JavaThread "Finalizer" daemon [_thread_blocked, id=10464, stack(0x0000006ea5100000,0x0000006ea5200000)]
  0x0000019b70e8f800 JavaThread "Signal Dispatcher" daemon [_thread_blocked, id=13248, stack(0x0000006ea5200000,0x0000006ea5300000)]
  0x0000019b70e90800 JavaThread "Attach Listener" daemon [_thread_blocked, id=2204, stack(0x0000006ea5300000,0x0000006ea5400000)]
  0x0000019b70e95000 JavaThread "Service Thread" daemon [_thread_blocked, id=12588, stack(0x0000006ea5400000,0x0000006ea5500000)]
  0x0000019b70ea0000 JavaThread "C2 CompilerThread0" daemon [_thread_blocked, id=2544, stack(0x0000006ea5500000,0x0000006ea5600000)]
  0x0000019b70ea1800 JavaThread "C1 CompilerThread0" daemon [_thread_blocked, id=13588, stack(0x0000006ea5600000,0x0000006ea5700000)]
  0x0000019b70ea6800 JavaThread "Sweeper thread" daemon [_thread_blocked, id=9376, stack(0x0000006ea5700000,0x0000006ea5800000)]
  0x0000019b718f8800 JavaThread "Common-Cleaner" daemon [_thread_blocked, id=14472, stack(0x0000006ea5800000,0x0000006ea5900000)]
  0x0000019b73026000 JavaThread "Daemon health stats" [_thread_blocked, id=8620, stack(0x0000006ea5b00000,0x0000006ea5c00000)]
  0x0000019b72e53800 JavaThread "Incoming local TCP Connector on port 51369" [_thread_in_native, id=4568, stack(0x0000006ea6000000,0x0000006ea6100000)]
  0x0000019b72d18800 JavaThread "Daemon periodic checks" [_thread_blocked, id=3136, stack(0x0000006ea6100000,0x0000006ea6200000)]
  0x0000019b71e0b800 JavaThread "Cache worker for file hash cache (C:\Users\LP\.gradle\caches\6.7.1\fileHashes)" [_thread_blocked, id=1840, stack(0x0000006ea6900000,0x0000006ea6a00000)]
  0x0000019b71e0d000 JavaThread "File lock request listener" [_thread_in_native, id=11648, stack(0x0000006ea6a00000,0x0000006ea6b00000)]
  0x0000019b71a8f800 JavaThread "Cache worker for journal cache (C:\Users\LP\.gradle\caches\journal-1)" [_thread_blocked, id=7596, stack(0x0000006ea6b00000,0x0000006ea6c00000)]
  0x0000019b71b74800 JavaThread "Cache worker for execution history cache (C:\Users\LP\.gradle\caches\6.7.1\executionHistory)" [_thread_blocked, id=8532, stack(0x0000006ea8400000,0x0000006ea8500000)]
  0x0000019b71b7a800 JavaThread "Cache worker for file content cache (C:\Users\LP\.gradle\caches\6.7.1\fileContent)" [_thread_blocked, id=352, stack(0x0000006ea8500000,0x0000006ea8600000)]
  0x0000019b71b71800 JavaThread "Daemon Thread 2" [_thread_blocked, id=10020, stack(0x0000006ea4600000,0x0000006ea4700000)]
  0x0000019b71b76000 JavaThread "Handler for socket connection from /127.0.0.1:51369 to /127.0.0.1:51553" [_thread_in_native, id=12700, stack(0x0000006ea4700000,0x0000006ea4800000)]
  0x0000019b71b73000 JavaThread "Cancel handler" [_thread_blocked, id=11116, stack(0x0000006ea4800000,0x0000006ea4900000)]
  0x0000019b71b73800 JavaThread "Daemon worker Thread 2" [_thread_blocked, id=1596, stack(0x0000006ea5e00000,0x0000006ea5f00000)]
  0x0000019b71b75800 JavaThread "Asynchronous log dispatcher for DefaultDaemonConnection: socket connection from /127.0.0.1:51369 to /127.0.0.1:51553" [_thread_blocked, id=9560, stack(0x0000006ea5f00000,0x0000006ea6000000)]
  0x0000019b71b70800 JavaThread "Stdin handler" [_thread_blocked, id=12300, stack(0x0000006ea6200000,0x0000006ea6300000)]
  0x0000019b71b79800 JavaThread "Thread-43" [_thread_blocked, id=3120, stack(0x0000006ea6300000,0x0000006ea6400000)]
  0x0000019b71b7b000 JavaThread "Cache worker for file hash cache (C:\Users\LP\AndroidStudioProjects\ToDo\.gradle\6.7.1\fileHashes)" [_thread_blocked, id=6856, stack(0x0000006ea6400000,0x0000006ea6500000)]
  0x0000019b71b78800 JavaThread "Cache worker for checksums cache (C:\Users\LP\AndroidStudioProjects\ToDo\.gradle\checksums)" [_thread_blocked, id=1128, stack(0x0000006ea6500000,0x0000006ea6600000)]
  0x0000019b71b7c800 JavaThread "Cache worker for cache directory md-supplier (C:\Users\LP\.gradle\caches\6.7.1\md-supplier)" [_thread_blocked, id=14236, stack(0x0000006ea6600000,0x0000006ea6700000)]
  0x0000019b71b77000 JavaThread "Cache worker for cache directory md-rule (C:\Users\LP\.gradle\caches\6.7.1\md-rule)" [_thread_blocked, id=2000, stack(0x0000006ea6700000,0x0000006ea6800000)]
  0x0000019b71b7d800 JavaThread "jar transforms Thread 21" [_thread_blocked, id=12868, stack(0x0000006ea6800000,0x0000006ea6900000)]
  0x0000019b71b78000 JavaThread "jar transforms Thread 22" [_thread_blocked, id=5420, stack(0x0000006ea6c00000,0x0000006ea6d00000)]
  0x0000019b71b7e800 JavaThread "jar transforms Thread 23" [_thread_blocked, id=8976, stack(0x0000006ea6d00000,0x0000006ea6e00000)]
  0x0000019b71b7f000 JavaThread "jar transforms Thread 24" [_thread_blocked, id=7372, stack(0x0000006ea6e00000,0x0000006ea6f00000)]
  0x0000019b71a90000 JavaThread "jar transforms Thread 25" [_thread_blocked, id=7432, stack(0x0000006ea6f00000,0x0000006ea7000000)]
  0x0000019b71a92800 JavaThread "jar transforms Thread 26" [_thread_blocked, id=5660, stack(0x0000006ea7000000,0x0000006ea7100000)]
  0x0000019b71a96000 JavaThread "jar transforms Thread 27" [_thread_blocked, id=15032, stack(0x0000006ea7100000,0x0000006ea7200000)]
  0x0000019b71a91000 JavaThread "jar transforms Thread 28" [_thread_blocked, id=5740, stack(0x0000006ea7200000,0x0000006ea7300000)]
  0x0000019b71a93800 JavaThread "jar transforms Thread 29" [_thread_blocked, id=13872, stack(0x0000006ea7300000,0x0000006ea7400000)]
  0x0000019b71a97800 JavaThread "jar transforms Thread 30" [_thread_blocked, id=5496, stack(0x0000006ea7400000,0x0000006ea7500000)]
  0x0000019b71a95000 JavaThread "jar transforms Thread 31" [_thread_blocked, id=1804, stack(0x0000006ea7500000,0x0000006ea7600000)]
  0x0000019b71a94000 JavaThread "jar transforms Thread 32" [_thread_blocked, id=11008, stack(0x0000006ea7600000,0x0000006ea7700000)]
  0x0000019b71a96800 JavaThread "jar transforms Thread 33" [_thread_blocked, id=14368, stack(0x0000006ea7700000,0x0000006ea7800000)]
  0x0000019b71a92000 JavaThread "jar transforms Thread 34" [_thread_blocked, id=9724, stack(0x0000006ea7800000,0x0000006ea7900000)]

Other Threads:
=>0x0000019b70e30800 VMThread "VM Thread" [stack: 0x0000006ea4f00000,0x0000006ea5000000] [id=5280]
  0x0000019b71931800 WatcherThread [stack: 0x0000006ea5900000,0x0000006ea5a00000] [id=9356]
  0x0000019b572a3800 GCTaskThread "GC Thread#0" [stack: 0x0000006ea4a00000,0x0000006ea4b00000] [id=14456]
  0x0000019b71b0a000 GCTaskThread "GC Thread#1" [stack: 0x0000006ea5a00000,0x0000006ea5b00000] [id=7728]
  0x0000019b729dd000 GCTaskThread "GC Thread#2" [stack: 0x0000006ea5c00000,0x0000006ea5d00000] [id=5572]
  0x0000019b72c57800 GCTaskThread "GC Thread#3" [stack: 0x0000006ea5d00000,0x0000006ea5e00000] [id=2648]
  0x0000019b572d3000 ConcurrentGCThread "G1 Main Marker" [stack: 0x0000006ea4b00000,0x0000006ea4c00000] [id=3792]
  0x0000019b572d4800 ConcurrentGCThread "G1 Conc#0" [stack: 0x0000006ea4c00000,0x0000006ea4d00000] [id=4412]
  0x0000019b5732e000 ConcurrentGCThread "G1 Refine#0" [stack: 0x0000006ea4d00000,0x0000006ea4e00000] [id=1356]
  0x0000019b7609c800 ConcurrentGCThread "G1 Refine#1" [stack: 0x0000006ea8600000,0x0000006ea8700000] [id=11372]
  0x0000019b5732f000 ConcurrentGCThread "G1 Young RemSet Sampling" [stack: 0x0000006ea4e00000,0x0000006ea4f00000] [id=12564]

Threads with active compile tasks:
C2 CompilerThread0 166541 5325       4       org.apache.tools.zip.ZipOutputStream::writeLocalFileHeader (101 bytes)

VM state:at safepoint (normal execution)

VM Mutex/Monitor currently owned by a thread:  ([mutex/lock_event])
[0x0000019b5728bd30] Threads_lock - owner thread: 0x0000019b70e30800
[0x0000019b5728a230] Heap_lock - owner thread: 0x0000019b71b7d800

OutOfMemory and StackOverflow Exception counts:
OutOfMemoryError java_heap_errors=1
LinkageErrors=105

Heap address: 0x0000000080000000, size: 2048 MB, Compressed Oops mode: 32-bit
Narrow klass base: 0x0000000000000000, Narrow klass shift: 3
Compressed class space size: 1073741824 Address: 0x0000000100000000

Heap:
 garbage-first heap   total 607232K, used 83656K [0x0000000080000000, 0x0000000100000000)
  region size 1024K, 16 young (16384K), 16 survivors (16384K)
 Metaspace       used 44996K, capacity 45984K, committed 46128K, reserved 1089536K
  class space    used 5587K, capacity 5984K, committed 6016K, reserved 1048576K
Heap Regions: E=young(eden), S=young(survivor), O=old, HS=humongous(starts), HC=humongous(continues), CS=collection set, F=free, A=archive, TAMS=top-at-mark-start (previous, next)
|   0|0x0000000080000000, 0x0000000080100000, 0x0000000080100000|100%| O|  |TAMS 0x0000000080100000, 0x0000000080000000| Untracked 
|   1|0x0000000080100000, 0x0000000080200000, 0x0000000080200000|100%| O|  |TAMS 0x0000000080200000, 0x0000000080100000| Untracked 
|   2|0x0000000080200000, 0x0000000080300000, 0x0000000080300000|100%| O|  |TAMS 0x0000000080300000, 0x0000000080200000| Untracked 
|   3|0x0000000080300000, 0x0000000080400000, 0x0000000080400000|100%|HS|  |TAMS 0x0000000080400000, 0x0000000080300000| Complete 
|   4|0x0000000080400000, 0x0000000080500000, 0x0000000080500000|100%|HC|  |TAMS 0x0000000080500000, 0x0000000080400000| Complete 
|   5|0x0000000080500000, 0x0000000080600000, 0x0000000080600000|100%|HC|  |TAMS 0x0000000080600000, 0x0000000080500000| Complete 
|   6|0x0000000080600000, 0x0000000080700000, 0x0000000080700000|100%| O|  |TAMS 0x0000000080700000, 0x0000000080600000| Untracked 
|   7|0x0000000080700000, 0x0000000080800000, 0x0000000080800000|100%| O|  |TAMS 0x0000000080800000, 0x0000000080700000| Untracked 
|   8|0x0000000080800000, 0x0000000080900000, 0x0000000080900000|100%| O|  |TAMS 0x0000000080900000, 0x0000000080800000| Untracked 
|   9|0x0000000080900000, 0x0000000080a00000, 0x0000000080a00000|100%| O|  |TAMS 0x0000000080a00000, 0x0000000080900000| Untracked 
|  10|0x0000000080a00000, 0x0000000080b00000, 0x0000000080b00000|100%| O|  |TAMS 0x0000000080b00000, 0x0000000080a00000| Untracked 
|  11|0x0000000080b00000, 0x0000000080c00000, 0x0000000080c00000|100%| O|  |TAMS 0x0000000080c00000, 0x0000000080b00000| Untracked 
|  12|0x0000000080c00000, 0x0000000080d00000, 0x0000000080d00000|100%| O|  |TAMS 0x0000000080d00000, 0x0000000080c00000| Untracked 
|  13|0x0000000080d00000, 0x0000000080e00000, 0x0000000080e00000|100%| O|  |TAMS 0x0000000080e00000, 0x0000000080d00000| Untracked 
|  14|0x0000000080e00000, 0x0000000080f00000, 0x0000000080f00000|100%|HS|  |TAMS 0x0000000080f00000, 0x0000000080e00000| Complete 
|  15|0x0000000080f00000, 0x0000000081000000, 0x0000000081000000|100%|HC|  |TAMS 0x0000000081000000, 0x0000000080f00000| Complete 
|  16|0x0000000081000000, 0x0000000081100000, 0x0000000081100000|100%|HS|  |TAMS 0x0000000081100000, 0x0000000081000000| Complete 
|  17|0x0000000081100000, 0x0000000081200000, 0x0000000081200000|100%|HC|  |TAMS 0x0000000081200000, 0x0000000081100000| Complete 
|  18|0x0000000081200000, 0x0000000081300000, 0x0000000081300000|100%|HC|  |TAMS 0x0000000081300000, 0x0000000081200000| Complete 
|  19|0x0000000081300000, 0x0000000081400000, 0x0000000081400000|100%| O|  |TAMS 0x0000000081400000, 0x0000000081300000| Untracked 
|  20|0x0000000081400000, 0x0000000081500000, 0x0000000081500000|100%| O|  |TAMS 0x0000000081500000, 0x0000000081400000| Untracked 
|  21|0x0000000081500000, 0x0000000081600000, 0x0000000081600000|100%|HS|  |TAMS 0x0000000081600000, 0x0000000081500000| Complete 
|  22|0x0000000081600000, 0x0000000081700000, 0x0000000081700000|100%|HC|  |TAMS 0x0000000081700000, 0x0000000081600000| Complete 
|  23|0x0000000081700000, 0x0000000081800000, 0x0000000081800000|100%|HC|  |TAMS 0x0000000081800000, 0x0000000081700000| Complete 
|  24|0x0000000081800000, 0x0000000081900000, 0x0000000081900000|100%|HC|  |TAMS 0x0000000081900000, 0x0000000081800000| Complete 
|  25|0x0000000081900000, 0x0000000081a00000, 0x0000000081a00000|100%|HC|  |TAMS 0x0000000081a00000, 0x0000000081900000| Complete 
|  26|0x0000000081a00000, 0x0000000081b00000, 0x0000000081b00000|100%| O|  |TAMS 0x0000000081b00000, 0x0000000081a00000| Untracked 
|  27|0x0000000081b00000, 0x0000000081c00000, 0x0000000081c00000|100%| O|  |TAMS 0x0000000081c00000, 0x0000000081b00000| Untracked 
|  28|0x0000000081c00000, 0x0000000081d00000, 0x0000000081d00000|100%| O|  |TAMS 0x0000000081d00000, 0x0000000081c00000| Untracked 
|  29|0x0000000081d00000, 0x0000000081e00000, 0x0000000081e00000|100%| O|  |TAMS 0x0000000081e00000, 0x0000000081d00000| Untracked 
|  30|0x0000000081e00000, 0x0000000081f00000, 0x0000000081f00000|100%| O|  |TAMS 0x0000000081f00000, 0x0000000081e00000| Untracked 
|  31|0x0000000081f00000, 0x0000000082000000, 0x0000000082000000|100%| O|  |TAMS 0x0000000082000000, 0x0000000081f00000| Untracked 
|  32|0x0000000082000000, 0x0000000082100000, 0x0000000082100000|100%| O|  |TAMS 0x0000000082100000, 0x0000000082000000| Untracked 
|  33|0x0000000082100000, 0x0000000082200000, 0x0000000082200000|100%| O|  |TAMS 0x0000000082200000, 0x0000000082100000| Untracked 
|  34|0x0000000082200000, 0x0000000082300000, 0x0000000082300000|100%| O|  |TAMS 0x0000000082300000, 0x0000000082200000| Untracked 
|  35|0x0000000082300000, 0x0000000082400000, 0x0000000082400000|100%| O|  |TAMS 0x0000000082400000, 0x0000000082300000| Untracked 
|  36|0x0000000082400000, 0x0000000082500000, 0x0000000082500000|100%| O|  |TAMS 0x0000000082500000, 0x0000000082400000| Untracked 
|  37|0x0000000082500000, 0x0000000082600000, 0x0000000082600000|100%| O|  |TAMS 0x0000000082600000, 0x0000000082500000| Untracked 
|  38|0x0000000082600000, 0x0000000082700000, 0x0000000082700000|100%| O|  |TAMS 0x0000000082700000, 0x0000000082600000| Untracked 
|  39|0x0000000082700000, 0x0000000082800000, 0x0000000082800000|100%| O|  |TAMS 0x0000000082800000, 0x0000000082700000| Untracked 
|  40|0x0000000082800000, 0x0000000082900000, 0x0000000082900000|100%| O|  |TAMS 0x0000000082900000, 0x0000000082800000| Untracked 
|  41|0x0000000082900000, 0x0000000082a00000, 0x0000000082a00000|100%| O|  |TAMS 0x0000000082a00000, 0x0000000082900000| Untracked 
|  42|0x0000000082a00000, 0x0000000082b00000, 0x0000000082b00000|100%| O|  |TAMS 0x0000000082b00000, 0x0000000082a00000| Untracked 
|  43|0x0000000082b00000, 0x0000000082c00000, 0x0000000082c00000|100%| O|  |TAMS 0x0000000082c00000, 0x0000000082b00000| Untracked 
|  44|0x0000000082c00000, 0x0000000082d00000, 0x0000000082d00000|100%| O|  |TAMS 0x0000000082d00000, 0x0000000082c00000| Untracked 
|  45|0x0000000082d00000, 0x0000000082e00000, 0x0000000082e00000|100%| O|  |TAMS 0x0000000082e00000, 0x0000000082d00000| Untracked 
|  46|0x0000000082e00000, 0x0000000082f00000, 0x0000000082f00000|100%| O|  |TAMS 0x0000000082f00000, 0x0000000082e00000| Untracked 
|  47|0x0000000082f00000, 0x0000000083000000, 0x0000000083000000|100%|HS|  |TAMS 0x0000000083000000, 0x0000000082f00000| Complete 
|  48|0x0000000083000000, 0x0000000083100000, 0x0000000083100000|100%|HC|  |TAMS 0x0000000083100000, 0x0000000083000000| Complete 
|  49|0x0000000083100000, 0x0000000083200000, 0x0000000083200000|100%|HC|  |TAMS 0x0000000083200000, 0x0000000083100000| Complete 
|  50|0x0000000083200000, 0x0000000083300000, 0x0000000083300000|100%| O|  |TAMS 0x00000000832b0400, 0x0000000083200000| Untracked 
|  51|0x0000000083300000, 0x0000000083400000, 0x0000000083400000|100%| O|  |TAMS 0x0000000083300000, 0x0000000083300000| Untracked 
|  52|0x0000000083400000, 0x0000000083432000, 0x0000000083500000| 19%| O|  |TAMS 0x0000000083400000, 0x0000000083400000| Untracked 
|  53|0x0000000083500000, 0x0000000083500000, 0x0000000083600000|  0%| F|  |TAMS 0x0000000083500000, 0x0000000083500000| Untracked 
|  54|0x0000000083600000, 0x0000000083600000, 0x0000000083700000|  0%| F|  |TAMS 0x0000000083600000, 0x0000000083600000| Untracked 
|  55|0x0000000083700000, 0x0000000083700000, 0x0000000083800000|  0%| F|  |TAMS 0x0000000083700000, 0x0000000083700000| Untracked 
|  56|0x0000000083800000, 0x0000000083800000, 0x0000000083900000|  0%| F|  |TAMS 0x0000000083800000, 0x0000000083800000| Untracked 
|  57|0x0000000083900000, 0x0000000083900000, 0x0000000083a00000|  0%| F|  |TAMS 0x0000000083900000, 0x0000000083900000| Untracked 
|  58|0x0000000083a00000, 0x0000000083a00000, 0x0000000083b00000|  0%| F|  |TAMS 0x0000000083a00000, 0x0000000083a00000| Untracked 
|  59|0x0000000083b00000, 0x0000000083b00000, 0x0000000083c00000|  0%| F|  |TAMS 0x0000000083b00000, 0x0000000083b00000| Untracked 
|  60|0x0000000083c00000, 0x0000000083d00000, 0x0000000083d00000|100%| O|  |TAMS 0x0000000083d00000, 0x0000000083c00000| Untracked 
|  61|0x0000000083d00000, 0x0000000083e00000, 0x0000000083e00000|100%| O|  |TAMS 0x0000000083e00000, 0x0000000083d00000| Untracked 
|  62|0x0000000083e00000, 0x0000000083f00000, 0x0000000083f00000|100%| O|  |TAMS 0x0000000083f00000, 0x0000000083e00000| Untracked 
|  63|0x0000000083f00000, 0x0000000083f00000, 0x0000000084000000|  0%| F|  |TAMS 0x0000000083f00000, 0x0000000083f00000| Untracked 
|  64|0x0000000084000000, 0x0000000084000000, 0x0000000084100000|  0%| F|  |TAMS 0x0000000084000000, 0x0000000084000000| Untracked 
|  65|0x0000000084100000, 0x0000000084200000, 0x0000000084200000|100%| O|  |TAMS 0x0000000084200000, 0x0000000084100000| Untracked 
|  66|0x0000000084200000, 0x0000000084300000, 0x0000000084300000|100%| O|  |TAMS 0x0000000084300000, 0x0000000084200000| Untracked 
|  67|0x0000000084300000, 0x0000000084400000, 0x0000000084400000|100%| O|  |TAMS 0x0000000084400000, 0x0000000084300000| Untracked 
|  68|0x0000000084400000, 0x0000000084500000, 0x0000000084500000|100%| O|  |TAMS 0x0000000084500000, 0x0000000084400000| Untracked 
|  69|0x0000000084500000, 0x0000000084600000, 0x0000000084600000|100%|HS|  |TAMS 0x0000000084600000, 0x0000000084500000| Complete 
|  70|0x0000000084600000, 0x0000000084700000, 0x0000000084700000|100%|HC|  |TAMS 0x0000000084700000, 0x0000000084600000| Complete 
|  71|0x0000000084700000, 0x0000000084800000, 0x0000000084800000|100%|HC|  |TAMS 0x0000000084800000, 0x0000000084700000| Complete 
|  72|0x0000000084800000, 0x0000000084900000, 0x0000000084900000|100%|HC|  |TAMS 0x0000000084900000, 0x0000000084800000| Complete 
|  73|0x0000000084900000, 0x0000000084a00000, 0x0000000084a00000|100%|HC|  |TAMS 0x0000000084a00000, 0x0000000084900000| Complete 
|  74|0x0000000084a00000, 0x0000000084a00000, 0x0000000084b00000|  0%| F|  |TAMS 0x0000000084a00000, 0x0000000084a00000| Untracked 
|  75|0x0000000084b00000, 0x0000000084b00000, 0x0000000084c00000|  0%| F|  |TAMS 0x0000000084b00000, 0x0000000084b00000| Untracked 
|  76|0x0000000084c00000, 0x0000000084c00000, 0x0000000084d00000|  0%| F|  |TAMS 0x0000000084c00000, 0x0000000084c00000| Untracked 
|  77|0x0000000084d00000, 0x0000000084d00000, 0x0000000084e00000|  0%| F|  |TAMS 0x0000000084d00000, 0x0000000084d00000| Untracked 
|  78|0x0000000084e00000, 0x0000000084e00000, 0x0000000084f00000|  0%| F|  |TAMS 0x0000000084e00000, 0x0000000084e00000| Untracked 
|  79|0x0000000084f00000, 0x0000000084f00000, 0x0000000085000000|  0%| F|  |TAMS 0x0000000084f00000, 0x0000000084f00000| Untracked 
|  80|0x0000000085000000, 0x0000000085000000, 0x0000000085100000|  0%| F|  |TAMS 0x0000000085000000, 0x0000000085000000| Untracked 
|  81|0x0000000085100000, 0x0000000085100000, 0x0000000085200000|  0%| F|  |TAMS 0x0000000085100000, 0x0000000085100000| Untracked 
|  82|0x0000000085200000, 0x0000000085200000, 0x0000000085300000|  0%| F|  |TAMS 0x0000000085200000, 0x0000000085200000| Untracked 
|  83|0x0000000085300000, 0x0000000085300000, 0x0000000085400000|  0%| F|  |TAMS 0x0000000085300000, 0x0000000085300000| Untracked 
|  84|0x0000000085400000, 0x0000000085400000, 0x0000000085500000|  0%| F|  |TAMS 0x0000000085400000, 0x0000000085400000| Untracked 
|  85|0x0000000085500000, 0x0000000085500000, 0x0000000085600000|  0%| F|  |TAMS 0x0000000085500000, 0x0000000085500000| Untracked 
|  86|0x0000000085600000, 0x0000000085600000, 0x0000000085700000|  0%| F|  |TAMS 0x0000000085600000, 0x0000000085600000| Untracked 
|  87|0x0000000085700000, 0x0000000085700000, 0x0000000085800000|  0%| F|  |TAMS 0x0000000085700000, 0x0000000085700000| Untracked 
|  88|0x0000000085800000, 0x0000000085800000, 0x0000000085900000|  0%| F|  |TAMS 0x0000000085800000, 0x0000000085800000| Untracked 
|  89|0x0000000085900000, 0x0000000085900000, 0x0000000085a00000|  0%| F|  |TAMS 0x0000000085900000, 0x0000000085900000| Untracked 
|  90|0x0000000085a00000, 0x0000000085a00000, 0x0000000085b00000|  0%| F|  |TAMS 0x0000000085a00000, 0x0000000085a00000| Untracked 
|  91|0x0000000085b00000, 0x0000000085b00000, 0x0000000085c00000|  0%| F|  |TAMS 0x0000000085b00000, 0x0000000085b00000| Untracked 
|  92|0x0000000085c00000, 0x0000000085c00000, 0x0000000085d00000|  0%| F|  |TAMS 0x0000000085c00000, 0x0000000085c00000| Untracked 
|  93|0x0000000085d00000, 0x0000000085d00000, 0x0000000085e00000|  0%| F|  |TAMS 0x0000000085d00000, 0x0000000085d00000| Untracked 
|  94|0x0000000085e00000, 0x0000000085e00000, 0x0000000085f00000|  0%| F|  |TAMS 0x0000000085e00000, 0x0000000085e00000| Untracked 
|  95|0x0000000085f00000, 0x0000000085f00000, 0x0000000086000000|  0%| F|  |TAMS 0x0000000085f00000, 0x0000000085f00000| Untracked 
|  96|0x0000000086000000, 0x0000000086000000, 0x0000000086100000|  0%| F|  |TAMS 0x0000000086000000, 0x0000000086000000| Untracked 
|  97|0x0000000086100000, 0x0000000086100000, 0x0000000086200000|  0%| F|  |TAMS 0x0000000086100000, 0x0000000086100000| Untracked 
|  98|0x0000000086200000, 0x0000000086200000, 0x0000000086300000|  0%| F|  |TAMS 0x0000000086200000, 0x0000000086200000| Untracked 
|  99|0x0000000086300000, 0x0000000086300000, 0x0000000086400000|  0%| F|  |TAMS 0x0000000086300000, 0x0000000086300000| Untracked 
| 100|0x0000000086400000, 0x0000000086400000, 0x0000000086500000|  0%| F|  |TAMS 0x0000000086400000, 0x0000000086400000| Untracked 
| 101|0x0000000086500000, 0x0000000086500000, 0x0000000086600000|  0%| F|  |TAMS 0x0000000086500000, 0x0000000086500000| Untracked 
| 102|0x0000000086600000, 0x0000000086600000, 0x0000000086700000|  0%| F|  |TAMS 0x0000000086600000, 0x0000000086600000| Untracked 
| 103|0x0000000086700000, 0x0000000086700000, 0x0000000086800000|  0%| F|  |TAMS 0x0000000086700000, 0x0000000086700000| Untracked 
| 104|0x0000000086800000, 0x0000000086800000, 0x0000000086900000|  0%| F|  |TAMS 0x0000000086800000, 0x0000000086800000| Untracked 
| 105|0x0000000086900000, 0x0000000086900000, 0x0000000086a00000|  0%| F|  |TAMS 0x0000000086900000, 0x0000000086900000| Untracked 
| 106|0x0000000086a00000, 0x0000000086a00000, 0x0000000086b00000|  0%| F|  |TAMS 0x0000000086a00000, 0x0000000086a00000| Untracked 
| 107|0x0000000086b00000, 0x0000000086b00000, 0x0000000086c00000|  0%| F|  |TAMS 0x0000000086b00000, 0x0000000086b00000| Untracked 
| 108|0x0000000086c00000, 0x0000000086c00000, 0x0000000086d00000|  0%| F|  |TAMS 0x0000000086c00000, 0x0000000086c00000| Untracked 
| 109|0x0000000086d00000, 0x0000000086d00000, 0x0000000086e00000|  0%| F|  |TAMS 0x0000000086d00000, 0x0000000086d00000| Untracked 
| 110|0x0000000086e00000, 0x0000000086e00000, 0x0000000086f00000|  0%| F|  |TAMS 0x0000000086e00000, 0x0000000086e00000| Untracked 
| 111|0x0000000086f00000, 0x0000000086f00000, 0x0000000087000000|  0%| F|  |TAMS 0x0000000086f00000, 0x0000000086f00000| Untracked 
| 112|0x0000000087000000, 0x0000000087000000, 0x0000000087100000|  0%| F|  |TAMS 0x0000000087000000, 0x0000000087000000| Untracked 
| 113|0x0000000087100000, 0x0000000087100000, 0x0000000087200000|  0%| F|  |TAMS 0x0000000087100000, 0x0000000087100000| Untracked 
| 114|0x0000000087200000, 0x0000000087200000, 0x0000000087300000|  0%| F|  |TAMS 0x0000000087200000, 0x0000000087200000| Untracked 
| 115|0x0000000087300000, 0x0000000087300000, 0x0000000087400000|  0%| F|  |TAMS 0x0000000087300000, 0x0000000087300000| Untracked 
| 116|0x0000000087400000, 0x0000000087400000, 0x0000000087500000|  0%| F|  |TAMS 0x0000000087400000, 0x0000000087400000| Untracked 
| 117|0x0000000087500000, 0x0000000087500000, 0x0000000087600000|  0%| F|  |TAMS 0x0000000087500000, 0x0000000087500000| Untracked 
| 118|0x0000000087600000, 0x0000000087600000, 0x0000000087700000|  0%| F|  |TAMS 0x0000000087600000, 0x0000000087600000| Untracked 
| 119|0x0000000087700000, 0x0000000087700000, 0x0000000087800000|  0%| F|  |TAMS 0x0000000087700000, 0x0000000087700000| Untracked 
| 120|0x0000000087800000, 0x0000000087800000, 0x0000000087900000|  0%| F|  |TAMS 0x0000000087800000, 0x0000000087800000| Untracked 
| 121|0x0000000087900000, 0x0000000087900000, 0x0000000087a00000|  0%| F|  |TAMS 0x0000000087900000, 0x0000000087900000| Untracked 
| 122|0x0000000087a00000, 0x0000000087a00000, 0x0000000087b00000|  0%| F|  |TAMS 0x0000000087a00000, 0x0000000087a00000| Untracked 
| 123|0x0000000087b00000, 0x0000000087b00000, 0x0000000087c00000|  0%| F|  |TAMS 0x0000000087b00000, 0x0000000087b00000| Untracked 
| 124|0x0000000087c00000, 0x0000000087c00000, 0x0000000087d00000|  0%| F|  |TAMS 0x0000000087c00000, 0x0000000087c00000| Untracked 
| 125|0x0000000087d00000, 0x0000000087d00000, 0x0000000087e00000|  0%| F|  |TAMS 0x0000000087d00000, 0x0000000087d00000| Untracked 
| 126|0x0000000087e00000, 0x0000000087e00000, 0x0000000087f00000|  0%| F|  |TAMS 0x0000000087e00000, 0x0000000087e00000| Untracked 
| 127|0x0000000087f00000, 0x0000000087f00000, 0x0000000088000000|  0%| F|  |TAMS 0x0000000087f00000, 0x0000000087f00000| Untracked 
| 128|0x0000000088000000, 0x0000000088000000, 0x0000000088100000|  0%| F|  |TAMS 0x0000000088000000, 0x0000000088000000| Untracked 
| 129|0x0000000088100000, 0x0000000088100000, 0x0000000088200000|  0%| F|  |TAMS 0x0000000088100000, 0x0000000088100000| Untracked 
| 130|0x0000000088200000, 0x0000000088200000, 0x0000000088300000|  0%| F|  |TAMS 0x0000000088200000, 0x0000000088200000| Untracked 
| 131|0x0000000088300000, 0x0000000088300000, 0x0000000088400000|  0%| F|  |TAMS 0x0000000088300000, 0x0000000088300000| Untracked 
| 132|0x0000000088400000, 0x0000000088400000, 0x0000000088500000|  0%| F|  |TAMS 0x0000000088400000, 0x0000000088400000| Untracked 
| 133|0x0000000088500000, 0x0000000088500000, 0x0000000088600000|  0%| F|  |TAMS 0x0000000088500000, 0x0000000088500000| Untracked 
| 134|0x0000000088600000, 0x0000000088600000, 0x0000000088700000|  0%| F|  |TAMS 0x0000000088600000, 0x0000000088600000| Untracked 
| 135|0x0000000088700000, 0x0000000088700000, 0x0000000088800000|  0%| F|  |TAMS 0x0000000088700000, 0x0000000088700000| Untracked 
| 136|0x0000000088800000, 0x0000000088800000, 0x0000000088900000|  0%| F|  |TAMS 0x0000000088800000, 0x0000000088800000| Untracked 
| 137|0x0000000088900000, 0x0000000088900000, 0x0000000088a00000|  0%| F|  |TAMS 0x0000000088900000, 0x0000000088900000| Untracked 
| 138|0x0000000088a00000, 0x0000000088a00000, 0x0000000088b00000|  0%| F|  |TAMS 0x0000000088a00000, 0x0000000088a00000| Untracked 
| 139|0x0000000088b00000, 0x0000000088b80000, 0x0000000088c00000| 50%| S|CS|TAMS 0x0000000088b00000, 0x0000000088b00000| Complete 
| 140|0x0000000088c00000, 0x0000000088d00000, 0x0000000088d00000|100%| S|CS|TAMS 0x0000000088c00000, 0x0000000088c00000| Complete 
| 141|0x0000000088d00000, 0x0000000088e00000, 0x0000000088e00000|100%| S|CS|TAMS 0x0000000088d00000, 0x0000000088d00000| Complete 
| 142|0x0000000088e00000, 0x0000000088f00000, 0x0000000088f00000|100%| S|CS|TAMS 0x0000000088e00000, 0x0000000088e00000| Complete 
| 143|0x0000000088f00000, 0x0000000089000000, 0x0000000089000000|100%| S|CS|TAMS 0x0000000088f00000, 0x0000000088f00000| Complete 
| 144|0x0000000089000000, 0x0000000089100000, 0x0000000089100000|100%| S|CS|TAMS 0x0000000089000000, 0x0000000089000000| Complete 
| 145|0x0000000089100000, 0x0000000089200000, 0x0000000089200000|100%| S|CS|TAMS 0x0000000089100000, 0x0000000089100000| Complete 
| 146|0x0000000089200000, 0x0000000089300000, 0x0000000089300000|100%| O|  |TAMS 0x0000000089300000, 0x0000000089200000| Untracked 
| 147|0x0000000089300000, 0x0000000089400000, 0x0000000089400000|100%| S|CS|TAMS 0x0000000089300000, 0x0000000089300000| Complete 
| 148|0x0000000089400000, 0x0000000089500000, 0x0000000089500000|100%| S|CS|TAMS 0x0000000089400000, 0x0000000089400000| Complete 
| 149|0x0000000089500000, 0x0000000089600000, 0x0000000089600000|100%| S|CS|TAMS 0x0000000089500000, 0x0000000089500000| Complete 
| 150|0x0000000089600000, 0x0000000089700000, 0x0000000089700000|100%| S|CS|TAMS 0x0000000089600000, 0x0000000089600000| Complete 
| 151|0x0000000089700000, 0x0000000089800000, 0x0000000089800000|100%| O|  |TAMS 0x0000000089800000, 0x0000000089700000| Untracked 
| 152|0x0000000089800000, 0x0000000089900000, 0x0000000089900000|100%| S|CS|TAMS 0x0000000089800000, 0x0000000089800000| Complete 
| 153|0x0000000089900000, 0x0000000089a00000, 0x0000000089a00000|100%| S|CS|TAMS 0x0000000089900000, 0x0000000089900000| Complete 
| 154|0x0000000089a00000, 0x0000000089b00000, 0x0000000089b00000|100%| S|CS|TAMS 0x0000000089a00000, 0x0000000089a00000| Complete 
| 155|0x0000000089b00000, 0x0000000089c00000, 0x0000000089c00000|100%| S|CS|TAMS 0x0000000089b00000, 0x0000000089b00000| Complete 
| 156|0x0000000089c00000, 0x0000000089d00000, 0x0000000089d00000|100%| S|CS|TAMS 0x0000000089c00000, 0x0000000089c00000| Complete 
| 157|0x0000000089d00000, 0x0000000089d00000, 0x0000000089e00000|  0%| F|  |TAMS 0x0000000089d00000, 0x0000000089d00000| Untracked 
| 158|0x0000000089e00000, 0x0000000089e00000, 0x0000000089f00000|  0%| F|  |TAMS 0x0000000089e00000, 0x0000000089e00000| Untracked 
| 159|0x0000000089f00000, 0x0000000089f00000, 0x000000008a000000|  0%| F|  |TAMS 0x0000000089f00000, 0x0000000089f00000| Untracked 
| 160|0x000000008a000000, 0x000000008a000000, 0x000000008a100000|  0%| F|  |TAMS 0x000000008a000000, 0x000000008a000000| Untracked 
| 161|0x000000008a100000, 0x000000008a100000, 0x000000008a200000|  0%| F|  |TAMS 0x000000008a100000, 0x000000008a100000| Untracked 
| 162|0x000000008a200000, 0x000000008a200000, 0x000000008a300000|  0%| F|  |TAMS 0x000000008a200000, 0x000000008a200000| Untracked 
| 163|0x000000008a300000, 0x000000008a300000, 0x000000008a400000|  0%| F|  |TAMS 0x000000008a300000, 0x000000008a300000| Untracked 
| 164|0x000000008a400000, 0x000000008a400000, 0x000000008a500000|  0%| F|  |TAMS 0x000000008a400000, 0x000000008a400000| Untracked 
| 165|0x000000008a500000, 0x000000008a500000, 0x000000008a600000|  0%| F|  |TAMS 0x000000008a500000, 0x000000008a500000| Untracked 
| 166|0x000000008a600000, 0x000000008a600000, 0x000000008a700000|  0%| F|  |TAMS 0x000000008a600000, 0x000000008a600000| Untracked 
| 167|0x000000008a700000, 0x000000008a700000, 0x000000008a800000|  0%| F|  |TAMS 0x000000008a700000, 0x000000008a700000| Untracked 
| 168|0x000000008a800000, 0x000000008a800000, 0x000000008a900000|  0%| F|  |TAMS 0x000000008a800000, 0x000000008a800000| Untracked 
| 169|0x000000008a900000, 0x000000008a900000, 0x000000008aa00000|  0%| F|  |TAMS 0x000000008a900000, 0x000000008a900000| Untracked 
| 170|0x000000008aa00000, 0x000000008aa00000, 0x000000008ab00000|  0%| F|  |TAMS 0x000000008aa00000, 0x000000008aa00000| Untracked 
| 171|0x000000008ab00000, 0x000000008ab00000, 0x000000008ac00000|  0%| F|  |TAMS 0x000000008ab00000, 0x000000008ab00000| Untracked 
| 172|0x000000008ac00000, 0x000000008ac00000, 0x000000008ad00000|  0%| F|  |TAMS 0x000000008ac00000, 0x000000008ac00000| Untracked 
| 173|0x000000008ad00000, 0x000000008ad00000, 0x000000008ae00000|  0%| F|  |TAMS 0x000000008ad00000, 0x000000008ad00000| Untracked 
| 174|0x000000008ae00000, 0x000000008ae00000, 0x000000008af00000|  0%| F|  |TAMS 0x000000008ae00000, 0x000000008ae00000| Untracked 
| 175|0x000000008af00000, 0x000000008af00000, 0x000000008b000000|  0%| F|  |TAMS 0x000000008af00000, 0x000000008af00000| Untracked 
| 176|0x000000008b000000, 0x000000008b000000, 0x000000008b100000|  0%| F|  |TAMS 0x000000008b000000, 0x000000008b000000| Untracked 
| 177|0x000000008b100000, 0x000000008b100000, 0x000000008b200000|  0%| F|  |TAMS 0x000000008b100000, 0x000000008b100000| Untracked 
| 178|0x000000008b200000, 0x000000008b200000, 0x000000008b300000|  0%| F|  |TAMS 0x000000008b200000, 0x000000008b200000| Untracked 
| 179|0x000000008b300000, 0x000000008b300000, 0x000000008b400000|  0%| F|  |TAMS 0x000000008b300000, 0x000000008b300000| Untracked 
| 180|0x000000008b400000, 0x000000008b400000, 0x000000008b500000|  0%| F|  |TAMS 0x000000008b400000, 0x000000008b400000| Untracked 
| 181|0x000000008b500000, 0x000000008b500000, 0x000000008b600000|  0%| F|  |TAMS 0x000000008b500000, 0x000000008b500000| Untracked 
| 182|0x000000008b600000, 0x000000008b600000, 0x000000008b700000|  0%| F|  |TAMS 0x000000008b600000, 0x000000008b600000| Untracked 
| 183|0x000000008b700000, 0x000000008b700000, 0x000000008b800000|  0%| F|  |TAMS 0x000000008b700000, 0x000000008b700000| Untracked 
| 184|0x000000008b800000, 0x000000008b800000, 0x000000008b900000|  0%| F|  |TAMS 0x000000008b800000, 0x000000008b800000| Untracked 
| 185|0x000000008b900000, 0x000000008b900000, 0x000000008ba00000|  0%| F|  |TAMS 0x000000008b900000, 0x000000008b900000| Untracked 
| 186|0x000000008ba00000, 0x000000008ba00000, 0x000000008bb00000|  0%| F|  |TAMS 0x000000008ba00000, 0x000000008ba00000| Untracked 
| 187|0x000000008bb00000, 0x000000008bb00000, 0x000000008bc00000|  0%| F|  |TAMS 0x000000008bb00000, 0x000000008bb00000| Untracked 
| 188|0x000000008bc00000, 0x000000008bc00000, 0x000000008bd00000|  0%| F|  |TAMS 0x000000008bc00000, 0x000000008bc00000| Untracked 
| 189|0x000000008bd00000, 0x000000008bd00000, 0x000000008be00000|  0%| F|  |TAMS 0x000000008bd00000, 0x000000008bd00000| Untracked 
| 190|0x000000008be00000, 0x000000008be00000, 0x000000008bf00000|  0%| F|  |TAMS 0x000000008be00000, 0x000000008be00000| Untracked 
| 191|0x000000008bf00000, 0x000000008bf00000, 0x000000008c000000|  0%| F|  |TAMS 0x000000008bf00000, 0x000000008bf00000| Untracked 
| 192|0x000000008c000000, 0x000000008c000000, 0x000000008c100000|  0%| F|  |TAMS 0x000000008c000000, 0x000000008c000000| Untracked 
| 193|0x000000008c100000, 0x000000008c100000, 0x000000008c200000|  0%| F|  |TAMS 0x000000008c100000, 0x000000008c100000| Untracked 
| 194|0x000000008c200000, 0x000000008c200000, 0x000000008c300000|  0%| F|  |TAMS 0x000000008c200000, 0x000000008c200000| Untracked 
| 195|0x000000008c300000, 0x000000008c300000, 0x000000008c400000|  0%| F|  |TAMS 0x000000008c300000, 0x000000008c300000| Untracked 
| 196|0x000000008c400000, 0x000000008c400000, 0x000000008c500000|  0%| F|  |TAMS 0x000000008c400000, 0x000000008c400000| Untracked 
| 197|0x000000008c500000, 0x000000008c500000, 0x000000008c600000|  0%| F|  |TAMS 0x000000008c500000, 0x000000008c500000| Untracked 
| 198|0x000000008c600000, 0x000000008c600000, 0x000000008c700000|  0%| F|  |TAMS 0x000000008c600000, 0x000000008c600000| Untracked 
| 199|0x000000008c700000, 0x000000008c700000, 0x000000008c800000|  0%| F|  |TAMS 0x000000008c700000, 0x000000008c700000| Untracked 
| 200|0x000000008c800000, 0x000000008c800000, 0x000000008c900000|  0%| F|  |TAMS 0x000000008c800000, 0x000000008c800000| Untracked 
| 201|0x000000008c900000, 0x000000008c900000, 0x000000008ca00000|  0%| F|  |TAMS 0x000000008c900000, 0x000000008c900000| Untracked 
| 202|0x000000008ca00000, 0x000000008ca00000, 0x000000008cb00000|  0%| F|  |TAMS 0x000000008ca00000, 0x000000008ca00000| Untracked 
| 203|0x000000008cb00000, 0x000000008cb00000, 0x000000008cc00000|  0%| F|  |TAMS 0x000000008cb00000, 0x000000008cb00000| Untracked 
| 204|0x000000008cc00000, 0x000000008cc00000, 0x000000008cd00000|  0%| F|  |TAMS 0x000000008cc00000, 0x000000008cc00000| Untracked 
| 205|0x000000008cd00000, 0x000000008cd00000, 0x000000008ce00000|  0%| F|  |TAMS 0x000000008cd00000, 0x000000008cd00000| Untracked 
| 206|0x000000008ce00000, 0x000000008ce00000, 0x000000008cf00000|  0%| F|  |TAMS 0x000000008ce00000, 0x000000008ce00000| Untracked 
| 207|0x000000008cf00000, 0x000000008cf00000, 0x000000008d000000|  0%| F|  |TAMS 0x000000008cf00000, 0x000000008cf00000| Untracked 
| 208|0x000000008d000000, 0x000000008d000000, 0x000000008d100000|  0%| F|  |TAMS 0x000000008d000000, 0x000000008d000000| Untracked 
| 209|0x000000008d100000, 0x000000008d100000, 0x000000008d200000|  0%| F|  |TAMS 0x000000008d100000, 0x000000008d100000| Untracked 
| 210|0x000000008d200000, 0x000000008d200000, 0x000000008d300000|  0%| F|  |TAMS 0x000000008d200000, 0x000000008d200000| Untracked 
| 211|0x000000008d300000, 0x000000008d300000, 0x000000008d400000|  0%| F|  |TAMS 0x000000008d300000, 0x000000008d300000| Untracked 
| 212|0x000000008d400000, 0x000000008d400000, 0x000000008d500000|  0%| F|  |TAMS 0x000000008d400000, 0x000000008d400000| Untracked 
| 213|0x000000008d500000, 0x000000008d500000, 0x000000008d600000|  0%| F|  |TAMS 0x000000008d500000, 0x000000008d500000| Untracked 
| 214|0x000000008d600000, 0x000000008d600000, 0x000000008d700000|  0%| F|  |TAMS 0x000000008d600000, 0x000000008d600000| Untracked 
| 215|0x000000008d700000, 0x000000008d700000, 0x000000008d800000|  0%| F|  |TAMS 0x000000008d700000, 0x000000008d700000| Untracked 
| 216|0x000000008d800000, 0x000000008d800000, 0x000000008d900000|  0%| F|  |TAMS 0x000000008d800000, 0x000000008d800000| Untracked 
| 217|0x000000008d900000, 0x000000008d900000, 0x000000008da00000|  0%| F|  |TAMS 0x000000008d900000, 0x000000008d900000| Untracked 
| 218|0x000000008da00000, 0x000000008da00000, 0x000000008db00000|  0%| F|  |TAMS 0x000000008da00000, 0x000000008da00000| Untracked 
| 219|0x000000008db00000, 0x000000008db00000, 0x000000008dc00000|  0%| F|  |TAMS 0x000000008db00000, 0x000000008db00000| Untracked 
| 220|0x000000008dc00000, 0x000000008dc00000, 0x000000008dd00000|  0%| F|  |TAMS 0x000000008dc00000, 0x000000008dc00000| Untracked 
| 221|0x000000008dd00000, 0x000000008dd00000, 0x000000008de00000|  0%| F|  |TAMS 0x000000008dd00000, 0x000000008dd00000| Untracked 
| 222|0x000000008de00000, 0x000000008de00000, 0x000000008df00000|  0%| F|  |TAMS 0x000000008de00000, 0x000000008de00000| Untracked 
| 223|0x000000008df00000, 0x000000008df00000, 0x000000008e000000|  0%| F|  |TAMS 0x000000008df00000, 0x000000008df00000| Untracked 
| 224|0x000000008e000000, 0x000000008e000000, 0x000000008e100000|  0%| F|  |TAMS 0x000000008e000000, 0x000000008e000000| Untracked 
| 225|0x000000008e100000, 0x000000008e100000, 0x000000008e200000|  0%| F|  |TAMS 0x000000008e100000, 0x000000008e100000| Untracked 
| 226|0x000000008e200000, 0x000000008e200000, 0x000000008e300000|  0%| F|  |TAMS 0x000000008e200000, 0x000000008e200000| Untracked 
| 227|0x000000008e300000, 0x000000008e300000, 0x000000008e400000|  0%| F|  |TAMS 0x000000008e300000, 0x000000008e300000| Untracked 
| 228|0x000000008e400000, 0x000000008e400000, 0x000000008e500000|  0%| F|  |TAMS 0x000000008e400000, 0x000000008e400000| Untracked 
| 229|0x000000008e500000, 0x000000008e500000, 0x000000008e600000|  0%| F|  |TAMS 0x000000008e500000, 0x000000008e500000| Untracked 
| 230|0x000000008e600000, 0x000000008e600000, 0x000000008e700000|  0%| F|  |TAMS 0x000000008e600000, 0x000000008e600000| Untracked 
| 231|0x000000008e700000, 0x000000008e700000, 0x000000008e800000|  0%| F|  |TAMS 0x000000008e700000, 0x000000008e700000| Untracked 
| 232|0x000000008e800000, 0x000000008e800000, 0x000000008e900000|  0%| F|  |TAMS 0x000000008e800000, 0x000000008e800000| Untracked 
| 233|0x000000008e900000, 0x000000008e900000, 0x000000008ea00000|  0%| F|  |TAMS 0x000000008e900000, 0x000000008e900000| Untracked 
| 234|0x000000008ea00000, 0x000000008ea00000, 0x000000008eb00000|  0%| F|  |TAMS 0x000000008ea00000, 0x000000008ea00000| Untracked 
| 235|0x000000008eb00000, 0x000000008eb00000, 0x000000008ec00000|  0%| F|  |TAMS 0x000000008eb00000, 0x000000008eb00000| Untracked 
| 236|0x000000008ec00000, 0x000000008ec00000, 0x000000008ed00000|  0%| F|  |TAMS 0x000000008ec00000, 0x000000008ec00000| Untracked 
| 237|0x000000008ed00000, 0x000000008ed00000, 0x000000008ee00000|  0%| F|  |TAMS 0x000000008ed00000, 0x000000008ed00000| Untracked 
| 238|0x000000008ee00000, 0x000000008ee00000, 0x000000008ef00000|  0%| F|  |TAMS 0x000000008ee00000, 0x000000008ee00000| Untracked 
| 239|0x000000008ef00000, 0x000000008ef00000, 0x000000008f000000|  0%| F|  |TAMS 0x000000008ef00000, 0x000000008ef00000| Untracked 
| 240|0x000000008f000000, 0x000000008f000000, 0x000000008f100000|  0%| F|  |TAMS 0x000000008f000000, 0x000000008f000000| Untracked 
| 241|0x000000008f100000, 0x000000008f100000, 0x000000008f200000|  0%| F|  |TAMS 0x000000008f100000, 0x000000008f100000| Untracked 
| 242|0x000000008f200000, 0x000000008f200000, 0x000000008f300000|  0%| F|  |TAMS 0x000000008f200000, 0x000000008f200000| Untracked 
| 243|0x000000008f300000, 0x000000008f300000, 0x000000008f400000|  0%| F|  |TAMS 0x000000008f300000, 0x000000008f300000| Untracked 
| 244|0x000000008f400000, 0x000000008f400000, 0x000000008f500000|  0%| F|  |TAMS 0x000000008f400000, 0x000000008f400000| Untracked 
| 245|0x000000008f500000, 0x000000008f500000, 0x000000008f600000|  0%| F|  |TAMS 0x000000008f500000, 0x000000008f500000| Untracked 
| 246|0x000000008f600000, 0x000000008f600000, 0x000000008f700000|  0%| F|  |TAMS 0x000000008f600000, 0x000000008f600000| Untracked 
| 247|0x000000008f700000, 0x000000008f700000, 0x000000008f800000|  0%| F|  |TAMS 0x000000008f700000, 0x000000008f700000| Untracked 
| 248|0x000000008f800000, 0x000000008f800000, 0x000000008f900000|  0%| F|  |TAMS 0x000000008f800000, 0x000000008f800000| Untracked 
| 249|0x000000008f900000, 0x000000008f900000, 0x000000008fa00000|  0%| F|  |TAMS 0x000000008f900000, 0x000000008f900000| Untracked 
| 250|0x000000008fa00000, 0x000000008fa00000, 0x000000008fb00000|  0%| F|  |TAMS 0x000000008fa00000, 0x000000008fa00000| Untracked 
| 251|0x000000008fb00000, 0x000000008fb00000, 0x000000008fc00000|  0%| F|  |TAMS 0x000000008fb00000, 0x000000008fb00000| Untracked 
| 252|0x000000008fc00000, 0x000000008fc00000, 0x000000008fd00000|  0%| F|  |TAMS 0x000000008fc00000, 0x000000008fc00000| Untracked 
| 253|0x000000008fd00000, 0x000000008fd00000, 0x000000008fe00000|  0%| F|  |TAMS 0x000000008fd00000, 0x000000008fd00000| Untracked 
| 254|0x000000008fe00000, 0x000000008fe00000, 0x000000008ff00000|  0%| F|  |TAMS 0x000000008fe00000, 0x000000008fe00000| Untracked 
| 255|0x000000008ff00000, 0x000000008ff00000, 0x0000000090000000|  0%| F|  |TAMS 0x000000008ff00000, 0x000000008ff00000| Untracked 
| 256|0x0000000090000000, 0x0000000090000000, 0x0000000090100000|  0%| F|  |TAMS 0x0000000090000000, 0x0000000090000000| Untracked 
| 257|0x0000000090100000, 0x0000000090100000, 0x0000000090200000|  0%| F|  |TAMS 0x0000000090100000, 0x0000000090100000| Untracked 
| 258|0x0000000090200000, 0x0000000090200000, 0x0000000090300000|  0%| F|  |TAMS 0x0000000090200000, 0x0000000090200000| Untracked 
| 259|0x0000000090300000, 0x0000000090300000, 0x0000000090400000|  0%| F|  |TAMS 0x0000000090300000, 0x0000000090300000| Untracked 
| 260|0x0000000090400000, 0x0000000090400000, 0x0000000090500000|  0%| F|  |TAMS 0x0000000090400000, 0x0000000090400000| Untracked 
| 261|0x0000000090500000, 0x0000000090500000, 0x0000000090600000|  0%| F|  |TAMS 0x0000000090500000, 0x0000000090500000| Untracked 
| 262|0x0000000090600000, 0x0000000090600000, 0x0000000090700000|  0%| F|  |TAMS 0x0000000090600000, 0x0000000090600000| Untracked 
| 263|0x0000000090700000, 0x0000000090700000, 0x0000000090800000|  0%| F|  |TAMS 0x0000000090700000, 0x0000000090700000| Untracked 
| 264|0x0000000090800000, 0x0000000090800000, 0x0000000090900000|  0%| F|  |TAMS 0x0000000090800000, 0x0000000090800000| Untracked 
| 265|0x0000000090900000, 0x0000000090900000, 0x0000000090a00000|  0%| F|  |TAMS 0x0000000090900000, 0x0000000090900000| Untracked 
| 266|0x0000000090a00000, 0x0000000090a00000, 0x0000000090b00000|  0%| F|  |TAMS 0x0000000090a00000, 0x0000000090a00000| Untracked 
| 267|0x0000000090b00000, 0x0000000090b00000, 0x0000000090c00000|  0%| F|  |TAMS 0x0000000090b00000, 0x0000000090b00000| Untracked 
| 268|0x0000000090c00000, 0x0000000090c00000, 0x0000000090d00000|  0%| F|  |TAMS 0x0000000090c00000, 0x0000000090c00000| Untracked 
| 269|0x0000000090d00000, 0x0000000090d00000, 0x0000000090e00000|  0%| F|  |TAMS 0x0000000090d00000, 0x0000000090d00000| Untracked 
| 270|0x0000000090e00000, 0x0000000090e00000, 0x0000000090f00000|  0%| F|  |TAMS 0x0000000090e00000, 0x0000000090e00000| Untracked 
| 271|0x0000000090f00000, 0x0000000090f00000, 0x0000000091000000|  0%| F|  |TAMS 0x0000000090f00000, 0x0000000090f00000| Untracked 
| 272|0x0000000091000000, 0x0000000091000000, 0x0000000091100000|  0%| F|  |TAMS 0x0000000091000000, 0x0000000091000000| Untracked 
| 273|0x0000000091100000, 0x0000000091100000, 0x0000000091200000|  0%| F|  |TAMS 0x0000000091100000, 0x0000000091100000| Untracked 
| 274|0x0000000091200000, 0x0000000091200000, 0x0000000091300000|  0%| F|  |TAMS 0x0000000091200000, 0x0000000091200000| Untracked 
| 275|0x0000000091300000, 0x0000000091300000, 0x0000000091400000|  0%| F|  |TAMS 0x0000000091300000, 0x0000000091300000| Untracked 
| 276|0x0000000091400000, 0x0000000091400000, 0x0000000091500000|  0%| F|  |TAMS 0x0000000091400000, 0x0000000091400000| Untracked 
| 277|0x0000000091500000, 0x0000000091500000, 0x0000000091600000|  0%| F|  |TAMS 0x0000000091500000, 0x0000000091500000| Untracked 
| 278|0x0000000091600000, 0x0000000091600000, 0x0000000091700000|  0%| F|  |TAMS 0x0000000091600000, 0x0000000091600000| Untracked 
| 279|0x0000000091700000, 0x0000000091700000, 0x0000000091800000|  0%| F|  |TAMS 0x0000000091700000, 0x0000000091700000| Untracked 
| 280|0x0000000091800000, 0x0000000091800000, 0x0000000091900000|  0%| F|  |TAMS 0x0000000091800000, 0x0000000091800000| Untracked 
| 281|0x0000000091900000, 0x0000000091900000, 0x0000000091a00000|  0%| F|  |TAMS 0x0000000091900000, 0x0000000091900000| Untracked 
| 282|0x0000000091a00000, 0x0000000091a00000, 0x0000000091b00000|  0%| F|  |TAMS 0x0000000091a00000, 0x0000000091a00000| Untracked 
| 283|0x0000000091b00000, 0x0000000091b00000, 0x0000000091c00000|  0%| F|  |TAMS 0x0000000091b00000, 0x0000000091b00000| Untracked 
| 284|0x0000000091c00000, 0x0000000091c00000, 0x0000000091d00000|  0%| F|  |TAMS 0x0000000091c00000, 0x0000000091c00000| Untracked 
| 285|0x0000000091d00000, 0x0000000091d00000, 0x0000000091e00000|  0%| F|  |TAMS 0x0000000091d00000, 0x0000000091d00000| Untracked 
| 286|0x0000000091e00000, 0x0000000091e00000, 0x0000000091f00000|  0%| F|  |TAMS 0x0000000091e00000, 0x0000000091e00000| Untracked 
| 287|0x0000000091f00000, 0x0000000091f00000, 0x0000000092000000|  0%| F|  |TAMS 0x0000000091f00000, 0x0000000091f00000| Untracked 
| 288|0x0000000092000000, 0x0000000092000000, 0x0000000092100000|  0%| F|  |TAMS 0x0000000092000000, 0x0000000092000000| Untracked 
| 289|0x0000000092100000, 0x0000000092100000, 0x0000000092200000|  0%| F|  |TAMS 0x0000000092100000, 0x0000000092100000| Untracked 
| 290|0x0000000092200000, 0x0000000092200000, 0x0000000092300000|  0%| F|  |TAMS 0x0000000092200000, 0x0000000092200000| Untracked 
| 291|0x0000000092300000, 0x0000000092300000, 0x0000000092400000|  0%| F|  |TAMS 0x0000000092300000, 0x0000000092300000| Untracked 
| 292|0x0000000092400000, 0x0000000092400000, 0x0000000092500000|  0%| F|  |TAMS 0x0000000092400000, 0x0000000092400000| Untracked 
| 293|0x0000000092500000, 0x0000000092500000, 0x0000000092600000|  0%| F|  |TAMS 0x0000000092500000, 0x0000000092500000| Untracked 
| 294|0x0000000092600000, 0x0000000092600000, 0x0000000092700000|  0%| F|  |TAMS 0x0000000092600000, 0x0000000092600000| Untracked 
| 295|0x0000000092700000, 0x0000000092700000, 0x0000000092800000|  0%| F|  |TAMS 0x0000000092700000, 0x0000000092700000| Untracked 
| 296|0x0000000092800000, 0x0000000092800000, 0x0000000092900000|  0%| F|  |TAMS 0x0000000092800000, 0x0000000092800000| Untracked 
| 297|0x0000000092900000, 0x0000000092900000, 0x0000000092a00000|  0%| F|  |TAMS 0x0000000092900000, 0x0000000092900000| Untracked 
| 298|0x0000000092a00000, 0x0000000092a00000, 0x0000000092b00000|  0%| F|  |TAMS 0x0000000092a00000, 0x0000000092a00000| Untracked 
| 299|0x0000000092b00000, 0x0000000092b00000, 0x0000000092c00000|  0%| F|  |TAMS 0x0000000092b00000, 0x0000000092b00000| Untracked 
| 300|0x0000000092c00000, 0x0000000092c00000, 0x0000000092d00000|  0%| F|  |TAMS 0x0000000092c00000, 0x0000000092c00000| Untracked 
| 301|0x0000000092d00000, 0x0000000092d00000, 0x0000000092e00000|  0%| F|  |TAMS 0x0000000092d00000, 0x0000000092d00000| Untracked 
| 302|0x0000000092e00000, 0x0000000092e00000, 0x0000000092f00000|  0%| F|  |TAMS 0x0000000092e00000, 0x0000000092e00000| Untracked 
| 303|0x0000000092f00000, 0x0000000092f00000, 0x0000000093000000|  0%| F|  |TAMS 0x0000000092f00000, 0x0000000092f00000| Untracked 
| 304|0x0000000093000000, 0x0000000093000000, 0x0000000093100000|  0%| F|  |TAMS 0x0000000093000000, 0x0000000093000000| Untracked 
| 305|0x0000000093100000, 0x0000000093100000, 0x0000000093200000|  0%| F|  |TAMS 0x0000000093100000, 0x0000000093100000| Untracked 
| 306|0x0000000093200000, 0x0000000093200000, 0x0000000093300000|  0%| F|  |TAMS 0x0000000093200000, 0x0000000093200000| Untracked 
| 307|0x0000000093300000, 0x0000000093300000, 0x0000000093400000|  0%| F|  |TAMS 0x0000000093300000, 0x0000000093300000| Untracked 
| 308|0x0000000093400000, 0x0000000093400000, 0x0000000093500000|  0%| F|  |TAMS 0x0000000093400000, 0x0000000093400000| Untracked 
| 309|0x0000000093500000, 0x0000000093500000, 0x0000000093600000|  0%| F|  |TAMS 0x0000000093500000, 0x0000000093500000| Untracked 
| 310|0x0000000093600000, 0x0000000093600000, 0x0000000093700000|  0%| F|  |TAMS 0x0000000093600000, 0x0000000093600000| Untracked 
| 311|0x0000000093700000, 0x0000000093700000, 0x0000000093800000|  0%| F|  |TAMS 0x0000000093700000, 0x0000000093700000| Untracked 
| 312|0x0000000093800000, 0x0000000093800000, 0x0000000093900000|  0%| F|  |TAMS 0x0000000093800000, 0x0000000093800000| Untracked 
| 313|0x0000000093900000, 0x0000000093900000, 0x0000000093a00000|  0%| F|  |TAMS 0x0000000093900000, 0x0000000093900000| Untracked 
| 314|0x0000000093a00000, 0x0000000093a00000, 0x0000000093b00000|  0%| F|  |TAMS 0x0000000093a00000, 0x0000000093a00000| Untracked 
| 315|0x0000000093b00000, 0x0000000093b00000, 0x0000000093c00000|  0%| F|  |TAMS 0x0000000093b00000, 0x0000000093b00000| Untracked 
| 316|0x0000000093c00000, 0x0000000093c00000, 0x0000000093d00000|  0%| F|  |TAMS 0x0000000093c00000, 0x0000000093c00000| Untracked 
| 317|0x0000000093d00000, 0x0000000093d00000, 0x0000000093e00000|  0%| F|  |TAMS 0x0000000093d00000, 0x0000000093d00000| Untracked 
| 318|0x0000000093e00000, 0x0000000093e00000, 0x0000000093f00000|  0%| F|  |TAMS 0x0000000093e00000, 0x0000000093e00000| Untracked 
| 319|0x0000000093f00000, 0x0000000093f00000, 0x0000000094000000|  0%| F|  |TAMS 0x0000000093f00000, 0x0000000093f00000| Untracked 
| 320|0x0000000094000000, 0x0000000094000000, 0x0000000094100000|  0%| F|  |TAMS 0x0000000094000000, 0x0000000094000000| Untracked 
| 321|0x0000000094100000, 0x0000000094100000, 0x0000000094200000|  0%| F|  |TAMS 0x0000000094100000, 0x0000000094100000| Untracked 
| 322|0x0000000094200000, 0x0000000094200000, 0x0000000094300000|  0%| F|  |TAMS 0x0000000094200000, 0x0000000094200000| Untracked 
| 323|0x0000000094300000, 0x0000000094300000, 0x0000000094400000|  0%| F|  |TAMS 0x0000000094300000, 0x0000000094300000| Untracked 
| 324|0x0000000094400000, 0x0000000094400000, 0x0000000094500000|  0%| F|  |TAMS 0x0000000094400000, 0x0000000094400000| Untracked 
| 325|0x0000000094500000, 0x0000000094500000, 0x0000000094600000|  0%| F|  |TAMS 0x0000000094500000, 0x0000000094500000| Untracked 
| 326|0x0000000094600000, 0x0000000094600000, 0x0000000094700000|  0%| F|  |TAMS 0x0000000094600000, 0x0000000094600000| Untracked 
| 327|0x0000000094700000, 0x0000000094700000, 0x0000000094800000|  0%| F|  |TAMS 0x0000000094700000, 0x0000000094700000| Untracked 
| 328|0x0000000094800000, 0x0000000094800000, 0x0000000094900000|  0%| F|  |TAMS 0x0000000094800000, 0x0000000094800000| Untracked 
| 329|0x0000000094900000, 0x0000000094900000, 0x0000000094a00000|  0%| F|  |TAMS 0x0000000094900000, 0x0000000094900000| Untracked 
| 330|0x0000000094a00000, 0x0000000094a00000, 0x0000000094b00000|  0%| F|  |TAMS 0x0000000094a00000, 0x0000000094a00000| Untracked 
| 331|0x0000000094b00000, 0x0000000094b00000, 0x0000000094c00000|  0%| F|  |TAMS 0x0000000094b00000, 0x0000000094b00000| Untracked 
| 332|0x0000000094c00000, 0x0000000094c00000, 0x0000000094d00000|  0%| F|  |TAMS 0x0000000094c00000, 0x0000000094c00000| Untracked 
| 333|0x0000000094d00000, 0x0000000094d00000, 0x0000000094e00000|  0%| F|  |TAMS 0x0000000094d00000, 0x0000000094d00000| Untracked 
| 334|0x0000000094e00000, 0x0000000094e00000, 0x0000000094f00000|  0%| F|  |TAMS 0x0000000094e00000, 0x0000000094e00000| Untracked 
| 335|0x0000000094f00000, 0x0000000094f00000, 0x0000000095000000|  0%| F|  |TAMS 0x0000000094f00000, 0x0000000094f00000| Untracked 
| 336|0x0000000095000000, 0x0000000095000000, 0x0000000095100000|  0%| F|  |TAMS 0x0000000095000000, 0x0000000095000000| Untracked 
| 337|0x0000000095100000, 0x0000000095100000, 0x0000000095200000|  0%| F|  |TAMS 0x0000000095100000, 0x0000000095100000| Untracked 
| 338|0x0000000095200000, 0x0000000095200000, 0x0000000095300000|  0%| F|  |TAMS 0x0000000095200000, 0x0000000095200000| Untracked 
| 339|0x0000000095300000, 0x0000000095300000, 0x0000000095400000|  0%| F|  |TAMS 0x0000000095300000, 0x0000000095300000| Untracked 
| 340|0x0000000095400000, 0x0000000095400000, 0x0000000095500000|  0%| F|  |TAMS 0x0000000095400000, 0x0000000095400000| Untracked 
| 341|0x0000000095500000, 0x0000000095500000, 0x0000000095600000|  0%| F|  |TAMS 0x0000000095500000, 0x0000000095500000| Untracked 
| 342|0x0000000095600000, 0x0000000095600000, 0x0000000095700000|  0%| F|  |TAMS 0x0000000095600000, 0x0000000095600000| Untracked 
| 343|0x0000000095700000, 0x0000000095700000, 0x0000000095800000|  0%| F|  |TAMS 0x0000000095700000, 0x0000000095700000| Untracked 
| 344|0x0000000095800000, 0x0000000095800000, 0x0000000095900000|  0%| F|  |TAMS 0x0000000095800000, 0x0000000095800000| Untracked 
| 345|0x0000000095900000, 0x0000000095900000, 0x0000000095a00000|  0%| F|  |TAMS 0x0000000095900000, 0x0000000095900000| Untracked 

Card table byte_map: [0x0000019b6a180000,0x0000019b6a580000] _byte_map_base: 0x0000019b69d80000

Marking Bits (Prev, Next): (CMBitMap*) 0x0000019b572ca258, (CMBitMap*) 0x0000019b572ca290
 Prev Bits: [0x0000019b6a980000, 0x0000019b6c980000)
 Next Bits: [0x0000019b6c980000, 0x0000019b6e980000)

Polling page: 0x0000019b55120000

Metaspace:

Usage:
  Non-class:     39.06 MB capacity,    38.49 MB ( 99%) used,   495.70 KB (  1%) free+waste,    94.75 KB ( <1%) overhead. 
      Class:      5.84 MB capacity,     5.46 MB ( 93%) used,   351.34 KB (  6%) free+waste,    45.25 KB ( <1%) overhead. 
       Both:     44.91 MB capacity,    43.94 MB ( 98%) used,   847.03 KB (  2%) free+waste,   140.00 KB ( <1%) overhead. 

Virtual space:
  Non-class space:       40.00 MB reserved,      39.17 MB ( 98%) committed 
      Class space:        1.00 GB reserved,       5.88 MB ( <1%) committed 
             Both:        1.04 GB reserved,      45.05 MB (  4%) committed 

Chunk freelists:
   Non-Class:  48.00 KB
       Class:  10.00 KB
        Both:  58.00 KB

MaxMetaspaceSize: 17179869184.00 GB
CompressedClassSpaceSize: 1.00 GB

CodeHeap 'non-profiled nmethods': size=120064Kb used=5079Kb max_used=5079Kb free=114984Kb
 bounds [0x0000019b62840000, 0x0000019b62d40000, 0x0000019b69d80000]
CodeHeap 'profiled nmethods': size=120000Kb used=12572Kb max_used=12572Kb free=107427Kb
 bounds [0x0000019b5b310000, 0x0000019b5bf60000, 0x0000019b62840000]
CodeHeap 'non-nmethods': size=5696Kb used=2214Kb max_used=2303Kb free=3482Kb
 bounds [0x0000019b5ad80000, 0x0000019b5aff0000, 0x0000019b5b310000]
 total_blobs=6061 nmethods=5277 adapters=695
 compilation: enabled
              stopped_count=0, restarted_count=0
 full_count=0

Compilation events (20 events):
Event: 165.914 Thread 0x0000019b70ea0000 nmethod 5314 0x0000019b62d2c710 code [0x0000019b62d2c920, 0x0000019b62d2d1b0]
Event: 165.914 Thread 0x0000019b70ea0000 5319       4       org.apache.tools.zip.ZipEntry::setMethod (37 bytes)
Event: 165.915 Thread 0x0000019b70ea0000 nmethod 5319 0x0000019b62d2d910 code [0x0000019b62d2daa0, 0x0000019b62d2db18]
Event: 165.915 Thread 0x0000019b70ea0000 5321       4       org.apache.tools.zip.ZipOutputStream::putNextEntry (249 bytes)
Event: 165.933 Thread 0x0000019b70ea1800 5331       2       java.io.RandomAccessFile::close (42 bytes)
Event: 165.934 Thread 0x0000019b70ea1800 nmethod 5331 0x0000019b5bf54c90 code [0x0000019b5bf54ea0, 0x0000019b5bf552e8]
Event: 165.940 Thread 0x0000019b70ea1800 5332       2       java.util.ArrayList::remove (26 bytes)
Event: 165.941 Thread 0x0000019b70ea1800 nmethod 5332 0x0000019b5bf55590 code [0x0000019b5bf55780, 0x0000019b5bf55bb8]
Event: 166.068 Thread 0x0000019b70ea1800 5334   !   3       org.gradle.internal.classpath.ClasspathWalker::visitJarContents (107 bytes)
Event: 166.070 Thread 0x0000019b70ea1800 nmethod 5334 0x0000019b5bf55e10 code [0x0000019b5bf560a0, 0x0000019b5bf56d48]
Event: 166.190 Thread 0x0000019b70ea0000 nmethod 5321 0x0000019b62d2db90 code [0x0000019b62d2df20, 0x0000019b62d314c0]
Event: 166.190 Thread 0x0000019b70ea0000 5328       4       org.objectweb.asm.ClassWriter::<init> (68 bytes)
Event: 166.206 Thread 0x0000019b70ea0000 nmethod 5328 0x0000019b62d33a10 code [0x0000019b62d33be0, 0x0000019b62d342f8]
Event: 166.206 Thread 0x0000019b70ea0000 5329       4       org.objectweb.asm.SymbolTable::<init> (41 bytes)
Event: 166.217 Thread 0x0000019b70ea0000 nmethod 5329 0x0000019b62d34510 code [0x0000019b62d346c0, 0x0000019b62d34c18]
Event: 166.217 Thread 0x0000019b70ea0000 5330       4       org.apache.tools.zip.ZipOutputStream::writeCounted (9 bytes)
Event: 166.229 Thread 0x0000019b70ea0000 nmethod 5330 0x0000019b62d34d90 code [0x0000019b62d34f60, 0x0000019b62d35628]
Event: 166.229 Thread 0x0000019b70ea0000 5324       4       org.apache.tools.zip.ZipOutputStream::validateSizeInformation (156 bytes)
Event: 166.231 Thread 0x0000019b70ea0000 nmethod 5324 0x0000019b62d35a10 code [0x0000019b62d35ba0, 0x0000019b62d35cb8]
Event: 166.231 Thread 0x0000019b70ea0000 5325       4       org.apache.tools.zip.ZipOutputStream::writeLocalFileHeader (101 bytes)

GC Heap History (20 events):
Event: 145.594 GC heap after
{Heap after GC invocations=71 (full 0):
 garbage-first heap   total 354304K, used 99982K [0x0000000080000000, 0x0000000100000000)
  region size 1024K, 4 young (4096K), 4 survivors (4096K)
 Metaspace       used 44346K, capacity 45375K, committed 45616K, reserved 1089536K
  class space    used 5544K, capacity 5937K, committed 6016K, reserved 1048576K
}
Event: 147.248 GC heap before
{Heap before GC invocations=72 (full 0):
 garbage-first heap   total 354304K, used 162446K [0x0000000080000000, 0x0000000100000000)
  region size 1024K, 68 young (69632K), 4 survivors (4096K)
 Metaspace       used 44347K, capacity 45375K, committed 45616K, reserved 1089536K
  class space    used 5544K, capacity 5937K, committed 6016K, reserved 1048576K
}
Event: 147.484 GC heap after
{Heap after GC invocations=73 (full 0):
 garbage-first heap   total 354304K, used 89502K [0x0000000080000000, 0x0000000100000000)
  region size 1024K, 2 young (2048K), 2 survivors (2048K)
 Metaspace       used 44347K, capacity 45375K, committed 45616K, reserved 1089536K
  class space    used 5544K, capacity 5937K, committed 6016K, reserved 1048576K
}
Event: 149.015 GC heap before
{Heap before GC invocations=73 (full 0):
 garbage-first heap   total 354304K, used 109982K [0x0000000080000000, 0x0000000100000000)
  region size 1024K, 17 young (17408K), 2 survivors (2048K)
 Metaspace       used 44423K, capacity 45375K, committed 45616K, reserved 1089536K
  class space    used 5551K, capacity 5937K, committed 6016K, reserved 1048576K
}
Event: 149.020 GC heap after
{Heap after GC invocations=74 (full 0):
 garbage-first heap   total 354304K, used 72313K [0x0000000080000000, 0x0000000100000000)
  region size 1024K, 3 young (3072K), 3 survivors (3072K)
 Metaspace       used 44423K, capacity 45375K, committed 45616K, reserved 1089536K
  class space    used 5551K, capacity 5937K, committed 6016K, reserved 1048576K
}
Event: 151.184 GC heap before
{Heap before GC invocations=74 (full 0):
 garbage-first heap   total 354304K, used 141945K [0x0000000080000000, 0x0000000100000000)
  region size 1024K, 70 young (71680K), 3 survivors (3072K)
 Metaspace       used 45002K, capacity 46014K, committed 46128K, reserved 1089536K
  class space    used 5594K, capacity 5994K, committed 6016K, reserved 1048576K
}
Event: 151.193 GC heap after
{Heap after GC invocations=75 (full 0):
 garbage-first heap   total 354304K, used 78466K [0x0000000080000000, 0x0000000100000000)
  region size 1024K, 6 young (6144K), 6 survivors (6144K)
 Metaspace       used 45002K, capacity 46014K, committed 46128K, reserved 1089536K
  class space    used 5594K, capacity 5994K, committed 6016K, reserved 1048576K
}
Event: 151.925 GC heap before
{Heap before GC invocations=75 (full 0):
 garbage-first heap   total 354304K, used 166530K [0x0000000080000000, 0x0000000100000000)
  region size 1024K, 93 young (95232K), 6 survivors (6144K)
 Metaspace       used 45002K, capacity 46014K, committed 46128K, reserved 1089536K
  class space    used 5594K, capacity 5994K, committed 6016K, reserved 1048576K
}
Event: 151.943 GC heap after
{Heap after GC invocations=76 (full 0):
 garbage-first heap   total 354304K, used 81441K [0x0000000080000000, 0x0000000100000000)
  region size 1024K, 9 young (9216K), 9 survivors (9216K)
 Metaspace       used 45002K, capacity 46014K, committed 46128K, reserved 1089536K
  class space    used 5594K, capacity 5994K, committed 6016K, reserved 1048576K
}
Event: 153.389 GC heap before
{Heap before GC invocations=76 (full 0):
 garbage-first heap   total 354304K, used 193057K [0x0000000080000000, 0x0000000100000000)
  region size 1024K, 119 young (121856K), 9 survivors (9216K)
 Metaspace       used 45002K, capacity 46014K, committed 46128K, reserved 1089536K
  class space    used 5594K, capacity 5994K, committed 6016K, reserved 1048576K
}
Event: 153.462 GC heap after
{Heap after GC invocations=77 (full 0):
 garbage-first heap   total 354304K, used 84947K [0x0000000080000000, 0x0000000100000000)
  region size 1024K, 12 young (12288K), 12 survivors (12288K)
 Metaspace       used 45002K, capacity 46014K, committed 46128K, reserved 1089536K
  class space    used 5594K, capacity 5994K, committed 6016K, reserved 1048576K
}
Event: 159.051 GC heap before
{Heap before GC invocations=78 (full 0):
 garbage-first heap   total 354304K, used 267219K [0x0000000080000000, 0x0000000100000000)
  region size 1024K, 203 young (207872K), 12 survivors (12288K)
 Metaspace       used 45006K, capacity 46014K, committed 46128K, reserved 1089536K
  class space    used 5594K, capacity 5994K, committed 6016K, reserved 1048576K
}
Event: 159.389 GC heap after
{Heap after GC invocations=79 (full 0):
 garbage-first heap   total 354304K, used 80341K [0x0000000080000000, 0x0000000100000000)
  region size 1024K, 20 young (20480K), 20 survivors (20480K)
 Metaspace       used 45006K, capacity 46014K, committed 46128K, reserved 1089536K
  class space    used 5594K, capacity 5994K, committed 6016K, reserved 1048576K
}
Event: 160.436 GC heap before
{Heap before GC invocations=79 (full 0):
 garbage-first heap   total 354304K, used 188885K [0x0000000080000000, 0x0000000100000000)
  region size 1024K, 126 young (129024K), 20 survivors (20480K)
 Metaspace       used 45007K, capacity 46014K, committed 46128K, reserved 1089536K
  class space    used 5594K, capacity 5994K, committed 6016K, reserved 1048576K
}
Event: 160.542 GC heap after
{Heap after GC invocations=80 (full 0):
 garbage-first heap   total 354304K, used 74829K [0x0000000080000000, 0x0000000100000000)
  region size 1024K, 10 young (10240K), 10 survivors (10240K)
 Metaspace       used 45007K, capacity 46014K, committed 46128K, reserved 1089536K
  class space    used 5594K, capacity 5994K, committed 6016K, reserved 1048576K
}
Event: 162.332 GC heap before
{Heap before GC invocations=81 (full 0):
 garbage-first heap   total 354304K, used 223309K [0x0000000080000000, 0x0000000100000000)
  region size 1024K, 156 young (159744K), 10 survivors (10240K)
 Metaspace       used 45014K, capacity 46014K, committed 46128K, reserved 1089536K
  class space    used 5594K, capacity 5994K, committed 6016K, reserved 1048576K
}
Event: 162.344 GC heap after
{Heap after GC invocations=82 (full 0):
 garbage-first heap   total 354304K, used 78925K [0x0000000080000000, 0x0000000100000000)
  region size 1024K, 15 young (15360K), 15 survivors (15360K)
 Metaspace       used 45014K, capacity 46014K, committed 46128K, reserved 1089536K
  class space    used 5594K, capacity 5994K, committed 6016K, reserved 1048576K
}
Event: 164.585 GC heap before
{Heap before GC invocations=82 (full 0):
 garbage-first heap   total 354304K, used 241741K [0x0000000080000000, 0x0000000100000000)
  region size 1024K, 174 young (178176K), 15 survivors (15360K)
 Metaspace       used 45014K, capacity 46014K, committed 46128K, reserved 1089536K
  class space    used 5594K, capacity 5994K, committed 6016K, reserved 1048576K
}
Event: 164.680 GC heap after
{Heap after GC invocations=83 (full 0):
 garbage-first heap   total 354304K, used 81601K [0x0000000080000000, 0x0000000100000000)
  region size 1024K, 15 young (15360K), 15 survivors (15360K)
 Metaspace       used 45014K, capacity 46014K, committed 46128K, reserved 1089536K
  class space    used 5594K, capacity 5994K, committed 6016K, reserved 1048576K
}
Event: 166.400 GC heap before
{Heap before GC invocations=84 (full 0):
 garbage-first heap   total 354304K, used 259777K [0x0000000080000000, 0x0000000100000000)
  region size 1024K, 189 young (193536K), 15 survivors (15360K)
 Metaspace       used 44996K, capacity 45984K, committed 46128K, reserved 1089536K
  class space    used 5587K, capacity 5984K, committed 6016K, reserved 1048576K
}

Deoptimization events (20 events):
Event: 160.653 Thread 0x0000019b71b7d800 Uncommon trap: trap_request=0xffffff4d fr.pc=0x0000019b62b5104c relative=0x00000000000001ac
Event: 160.653 Thread 0x0000019b71b7d800 Uncommon trap: reason=unstable_if action=reinterpret pc=0x0000019b62b5104c method=java.lang.String.equals(Ljava/lang/Object;)Z @ 34 c2
Event: 160.653 Thread 0x0000019b71b7d800 DEOPT PACKING pc=0x0000019b62b5104c sp=0x0000006ea68fe370
Event: 160.653 Thread 0x0000019b71b7d800 DEOPT UNPACKING pc=0x0000019b5ada78af sp=0x0000006ea68fe318 mode 2
Event: 160.676 Thread 0x0000019b71b7d800 Uncommon trap: trap_request=0xffffff4d fr.pc=0x0000019b62c77124 relative=0x0000000000000b04
Event: 160.676 Thread 0x0000019b71b7d800 Uncommon trap: reason=unstable_if action=reinterpret pc=0x0000019b62c77124 method=org.gradle.internal.classpath.InstrumentingTransformer$InstrumentingVisitor.visitMethod(ILjava/lang/String;Ljava/lang/String;Ljava/lang/String;[Ljava/lang/String;)Lorg/objec
Event: 160.676 Thread 0x0000019b71b7d800 DEOPT PACKING pc=0x0000019b62c77124 sp=0x0000006ea68fe670
Event: 160.676 Thread 0x0000019b71b7d800 DEOPT UNPACKING pc=0x0000019b5ada78af sp=0x0000006ea68fe628 mode 2
Event: 160.967 Thread 0x0000019b71b7d800 Uncommon trap: trap_request=0xffffff4d fr.pc=0x0000019b62c2f4a8 relative=0x0000000000007e08
Event: 160.967 Thread 0x0000019b71b7d800 Uncommon trap: reason=unstable_if action=reinterpret pc=0x0000019b62c2f4a8 method=org.objectweb.asm.ClassReader.accept(Lorg/objectweb/asm/ClassVisitor;[Lorg/objectweb/asm/Attribute;I)V @ 420 c2
Event: 160.967 Thread 0x0000019b71b7d800 DEOPT PACKING pc=0x0000019b62c2f4a8 sp=0x0000006ea68fe8f0
Event: 160.967 Thread 0x0000019b71b7d800 DEOPT UNPACKING pc=0x0000019b5ada78af sp=0x0000006ea68fe888 mode 2
Event: 160.980 Thread 0x0000019b71b7d800 Uncommon trap: trap_request=0xffffff4d fr.pc=0x0000019b62c16cf8 relative=0x0000000000000398
Event: 160.980 Thread 0x0000019b71b7d800 Uncommon trap: reason=unstable_if action=reinterpret pc=0x0000019b62c16cf8 method=org.objectweb.asm.Type.getTypeInternal(Ljava/lang/String;II)Lorg/objectweb/asm/Type; @ 5 c2
Event: 160.981 Thread 0x0000019b71b7d800 DEOPT PACKING pc=0x0000019b62c16cf8 sp=0x0000006ea68fe4b0
Event: 160.981 Thread 0x0000019b71b7d800 DEOPT UNPACKING pc=0x0000019b5ada78af sp=0x0000006ea68fe468 mode 2
Event: 161.536 Thread 0x0000019b71b7d800 DEOPT PACKING pc=0x0000019b5bf4c188 sp=0x0000006ea68fe7a0
Event: 161.536 Thread 0x0000019b71b7d800 DEOPT UNPACKING pc=0x0000019b5ada76ce sp=0x0000006ea68fdd80 mode 0
Event: 162.410 Thread 0x0000019b71b7d800 DEOPT PACKING pc=0x0000019b5bf4c188 sp=0x0000006ea68fe7a0
Event: 162.410 Thread 0x0000019b71b7d800 DEOPT UNPACKING pc=0x0000019b5ada76ce sp=0x0000006ea68fdd80 mode 0

Classes redefined (0 events):
No events

Internal exceptions (20 events):
Event: 150.480 Thread 0x0000019b71a92000 Exception <a 'sun/nio/fs/WindowsException'{0x0000000093c33378}> (0x0000000093c33378) thrown at [./src/hotspot/share/prims/jni.cpp, line 615]
Event: 150.486 Thread 0x0000019b71a92800 Exception <a 'sun/nio/fs/WindowsException'{0x0000000093809df8}> (0x0000000093809df8) thrown at [./src/hotspot/share/prims/jni.cpp, line 615]
Event: 150.695 Thread 0x0000019b71a92800 Exception <a 'sun/nio/fs/WindowsException'{0x0000000093809fb0}> (0x0000000093809fb0) thrown at [./src/hotspot/share/prims/jni.cpp, line 615]
Event: 150.915 Thread 0x0000019b71a97800 Exception <a 'sun/nio/fs/WindowsException'{0x0000000093afe958}> (0x0000000093afe958) thrown at [./src/hotspot/share/prims/jni.cpp, line 615]
Event: 150.923 Thread 0x0000019b71a92000 Exception <a 'sun/nio/fs/WindowsException'{0x0000000093c335b0}> (0x0000000093c335b0) thrown at [./src/hotspot/share/prims/jni.cpp, line 615]
Event: 150.923 Thread 0x0000019b71a94000 Exception <a 'sun/nio/fs/WindowsException'{0x000000009423d290}> (0x000000009423d290) thrown at [./src/hotspot/share/prims/jni.cpp, line 615]
Event: 150.925 Thread 0x0000019b71a97800 Exception <a 'sun/nio/fs/WindowsException'{0x0000000093afeb20}> (0x0000000093afeb20) thrown at [./src/hotspot/share/prims/jni.cpp, line 615]
Event: 150.926 Thread 0x0000019b71b78000 Exception <a 'sun/nio/fs/WindowsException'{0x000000009310d158}> (0x000000009310d158) thrown at [./src/hotspot/share/prims/jni.cpp, line 615]
Event: 151.039 Thread 0x0000019b71b78000 Exception <a 'sun/nio/fs/WindowsException'{0x000000009310d2d0}> (0x000000009310d2d0) thrown at [./src/hotspot/share/prims/jni.cpp, line 615]
Event: 151.041 Thread 0x0000019b71a96000 Exception <a 'sun/nio/fs/WindowsException'{0x0000000094ef9ef0}> (0x0000000094ef9ef0) thrown at [./src/hotspot/share/prims/jni.cpp, line 615]
Event: 151.112 Thread 0x0000019b71a93800 Exception <a 'sun/nio/fs/WindowsException'{0x00000000924bb2d0}> (0x00000000924bb2d0) thrown at [./src/hotspot/share/prims/jni.cpp, line 615]
Event: 151.141 Thread 0x0000019b71a95000 Exception <a 'sun/nio/fs/WindowsException'{0x00000000918ba978}> (0x00000000918ba978) thrown at [./src/hotspot/share/prims/jni.cpp, line 615]
Event: 151.142 Thread 0x0000019b71a95000 Exception <a 'sun/nio/fs/WindowsException'{0x00000000918bab40}> (0x00000000918bab40) thrown at [./src/hotspot/share/prims/jni.cpp, line 615]
Event: 151.184 Thread 0x0000019b71a93800 Exception <a 'sun/nio/fs/WindowsException'{0x00000000924bb498}> (0x00000000924bb498) thrown at [./src/hotspot/share/prims/jni.cpp, line 615]
Event: 151.902 Thread 0x0000019b71a96800 Exception <a 'sun/nio/fs/WindowsException'{0x000000008fe8a9b0}> (0x000000008fe8a9b0) thrown at [./src/hotspot/share/prims/jni.cpp, line 615]
Event: 152.059 Thread 0x0000019b71a96800 Exception <a 'sun/nio/fs/WindowsException'{0x0000000094ada488}> (0x0000000094ada488) thrown at [./src/hotspot/share/prims/jni.cpp, line 615]
Event: 153.701 Thread 0x0000019b71b7e800 Exception <a 'sun/nio/fs/WindowsException'{0x000000009546a290}> (0x000000009546a290) thrown at [./src/hotspot/share/prims/jni.cpp, line 615]
Event: 153.902 Thread 0x0000019b71b7e800 Exception <a 'sun/nio/fs/WindowsException'{0x000000009546a460}> (0x000000009546a460) thrown at [./src/hotspot/share/prims/jni.cpp, line 615]
Event: 153.917 Thread 0x0000019b71a90000 Exception <a 'sun/nio/fs/WindowsException'{0x00000000951c8ea8}> (0x00000000951c8ea8) thrown at [./src/hotspot/share/prims/jni.cpp, line 615]
Event: 154.002 Thread 0x0000019b71a90000 Exception <a 'sun/nio/fs/WindowsException'{0x00000000951c9010}> (0x00000000951c9010) thrown at [./src/hotspot/share/prims/jni.cpp, line 615]

Events (20 events):
Event: 155.957 Thread 0x0000019b79b40800 Thread exited: 0x0000019b79b40800
Event: 158.943 Executing VM operation: G1CollectForAllocation
Event: 159.390 Executing VM operation: G1CollectForAllocation done
Event: 160.436 Executing VM operation: G1CollectForAllocation
Event: 160.542 Executing VM operation: G1CollectForAllocation done
Event: 160.861 Executing VM operation: CGC_Operation
Event: 160.873 Executing VM operation: CGC_Operation done
Event: 160.944 Executing VM operation: CGC_Operation
Event: 160.945 Executing VM operation: CGC_Operation done
Event: 162.332 Executing VM operation: G1CollectForAllocation
Event: 162.344 Executing VM operation: G1CollectForAllocation done
Event: 164.585 Executing VM operation: G1CollectForAllocation
Event: 164.680 Executing VM operation: G1CollectForAllocation done
Event: 164.899 Executing VM operation: CGC_Operation
Event: 165.164 Executing VM operation: CGC_Operation done
Event: 165.221 Executing VM operation: CGC_Operation
Event: 165.221 Executing VM operation: CGC_Operation done
Event: 166.220 loading class org/apache/tools/zip/ZipOutputStream$1
Event: 166.220 loading class org/apache/tools/zip/ZipOutputStream$1 done
Event: 166.399 Executing VM operation: G1CollectForAllocation


Dynamic libraries:
0x00007ff7ccf20000 - 0x00007ff7ccf2a000 	C:\Program Files\Android\Android Studio\jre\bin\java.exe
0x00007ffd083d0000 - 0x00007ffd085c5000 	C:\Windows\SYSTEM32\ntdll.dll
0x00007ffd06440000 - 0x00007ffd064fd000 	C:\Windows\System32\KERNEL32.DLL
0x00007ffd05dd0000 - 0x00007ffd06099000 	C:\Windows\System32\KERNELBASE.dll
0x00007ffd05b10000 - 0x00007ffd05c10000 	C:\Windows\System32\ucrtbase.dll
0x00007ffd000c0000 - 0x00007ffd000d9000 	C:\Program Files\Android\Android Studio\jre\bin\jli.dll
0x00007ffd000a0000 - 0x00007ffd000b7000 	C:\Program Files\Android\Android Studio\jre\bin\VCRUNTIME140.dll
0x00007ffd07ff0000 - 0x00007ffd08190000 	C:\Windows\System32\USER32.dll
0x00007ffd06350000 - 0x00007ffd06372000 	C:\Windows\System32\win32u.dll
0x00007ffd08190000 - 0x00007ffd081ba000 	C:\Windows\System32\GDI32.dll
0x00007ffd05c10000 - 0x00007ffd05d1b000 	C:\Windows\System32\gdi32full.dll
0x00007ffd060a0000 - 0x00007ffd0613d000 	C:\Windows\System32\msvcp_win.dll
0x00007ffcf5860000 - 0x00007ffcf5afa000 	C:\Windows\WinSxS\amd64_microsoft.windows.common-controls_6595b64144ccf1df_6.0.19041.1110_none_60b5254171f9507e\COMCTL32.dll
0x00007ffd06710000 - 0x00007ffd067ae000 	C:\Windows\System32\msvcrt.dll
0x00007ffd08360000 - 0x00007ffd08390000 	C:\Windows\System32\IMM32.DLL
0x00007ffd00000000 - 0x00007ffd0009d000 	C:\Program Files\Android\Android Studio\jre\bin\msvcp140.dll
0x00007ffca5a30000 - 0x00007ffca64ff000 	C:\Program Files\Android\Android Studio\jre\bin\server\jvm.dll
0x00007ffd07f40000 - 0x00007ffd07fec000 	C:\Windows\System32\ADVAPI32.dll
0x00007ffd08230000 - 0x00007ffd082cb000 	C:\Windows\System32\sechost.dll
0x00007ffd07a30000 - 0x00007ffd07b5a000 	C:\Windows\System32\RPCRT4.dll
0x00007ffd07d80000 - 0x00007ffd07d88000 	C:\Windows\System32\PSAPI.DLL
0x00007ffcf1a40000 - 0x00007ffcf1a67000 	C:\Windows\SYSTEM32\WINMM.dll
0x00007ffcf3d70000 - 0x00007ffcf3d79000 	C:\Windows\SYSTEM32\WSOCK32.dll
0x00007ffd07b60000 - 0x00007ffd07bcb000 	C:\Windows\System32\WS2_32.dll
0x00007ffcfdab0000 - 0x00007ffcfdaba000 	C:\Windows\SYSTEM32\VERSION.dll
0x00007ffd03a40000 - 0x00007ffd03a52000 	C:\Windows\SYSTEM32\kernel.appcore.dll
0x00007ffcdcad0000 - 0x00007ffcdcae1000 	C:\Program Files\Android\Android Studio\jre\bin\verify.dll
0x00007ffcf3550000 - 0x00007ffcf3734000 	C:\Windows\SYSTEM32\DBGHELP.DLL
0x00007ffcf2e60000 - 0x00007ffcf2e8c000 	C:\Windows\SYSTEM32\dbgcore.DLL
0x00007ffd063b0000 - 0x00007ffd06433000 	C:\Windows\System32\bcryptPrimitives.dll
0x00007ffcbfe50000 - 0x00007ffcbfe79000 	C:\Program Files\Android\Android Studio\jre\bin\java.dll
0x00007ffcf98d0000 - 0x00007ffcf98db000 	C:\Program Files\Android\Android Studio\jre\bin\jimage.dll
0x00007ffcdcab0000 - 0x00007ffcdcac8000 	C:\Program Files\Android\Android Studio\jre\bin\zip.dll
0x00007ffd06c80000 - 0x00007ffd073bf000 	C:\Windows\System32\SHELL32.dll
0x00007ffd03c40000 - 0x00007ffd043d1000 	C:\Windows\SYSTEM32\windows.storage.dll
0x00007ffd07550000 - 0x00007ffd078a5000 	C:\Windows\System32\combase.dll
0x00007ffd05580000 - 0x00007ffd055ac000 	C:\Windows\SYSTEM32\Wldp.dll
0x00007ffd07980000 - 0x00007ffd07a2e000 	C:\Windows\System32\SHCORE.dll
0x00007ffd081d0000 - 0x00007ffd08225000 	C:\Windows\System32\shlwapi.dll
0x00007ffd05a50000 - 0x00007ffd05a6f000 	C:\Windows\SYSTEM32\profapi.dll
0x00007ffcbdad0000 - 0x00007ffcbdaea000 	C:\Program Files\Android\Android Studio\jre\bin\net.dll
0x00007ffcf6120000 - 0x00007ffcf622a000 	C:\Windows\SYSTEM32\WINHTTP.dll
0x00007ffd052e0000 - 0x00007ffd0534a000 	C:\Windows\system32\mswsock.dll
0x00007ffcbd8b0000 - 0x00007ffcbd8c4000 	C:\Program Files\Android\Android Studio\jre\bin\nio.dll
0x00007ffd00110000 - 0x00007ffd00137000 	C:\Users\LP\.gradle\native\fdc75f09e3144964f2cf3f50f0aa648679c211496f362492102eb8c894070792\windows-amd64\native-platform.dll
0x00007ffce9aa0000 - 0x00007ffce9c36000 	C:\Users\LP\.gradle\native\12488b8bf47d2d4c9fbf2f6322a914ad602e24e48041cd04a747c6da556b65c4\windows-amd64\native-platform-file-events.dll
0x00007ffcf70f0000 - 0x00007ffcf70fa000 	C:\Program Files\Android\Android Studio\jre\bin\management.dll
0x00007ffcf6f10000 - 0x00007ffcf6f1c000 	C:\Program Files\Android\Android Studio\jre\bin\management_ext.dll
0x00007ffd054c0000 - 0x00007ffd054d8000 	C:\Windows\SYSTEM32\CRYPTSP.dll
0x00007ffd04c10000 - 0x00007ffd04c44000 	C:\Windows\system32\rsaenh.dll
0x00007ffd06380000 - 0x00007ffd063a7000 	C:\Windows\System32\bcrypt.dll
0x00007ffd059d0000 - 0x00007ffd059fe000 	C:\Windows\SYSTEM32\USERENV.dll
0x00007ffd054e0000 - 0x00007ffd054ec000 	C:\Windows\SYSTEM32\CRYPTBASE.dll
0x00007ffd04f80000 - 0x00007ffd04fbb000 	C:\Windows\SYSTEM32\IPHLPAPI.DLL
0x00007ffd06500000 - 0x00007ffd06508000 	C:\Windows\System32\NSI.dll
0x00007ffcfe6a0000 - 0x00007ffcfe6b7000 	C:\Windows\SYSTEM32\dhcpcsvc6.DLL
0x00007ffcfe7b0000 - 0x00007ffcfe7cd000 	C:\Windows\SYSTEM32\dhcpcsvc.DLL
0x00007ffd04fd0000 - 0x00007ffd0509c000 	C:\Windows\SYSTEM32\DNSAPI.dll
0x00007ffcfe9e0000 - 0x00007ffcfe9eb000 	C:\Windows\SYSTEM32\WINNSI.DLL

dbghelp: loaded successfully - version: 4.0.5 - missing functions: none
symbol engine: initialized successfully - sym options: 0x614 - pdb path: .;C:\Program Files\Android\Android Studio\jre\bin;C:\Windows\SYSTEM32;C:\Windows\WinSxS\amd64_microsoft.windows.common-controls_6595b64144ccf1df_6.0.19041.1110_none_60b5254171f9507e;C:\Program Files\Android\Android Studio\jre\bin\server;C:\Users\LP\.gradle\native\fdc75f09e3144964f2cf3f50f0aa648679c211496f362492102eb8c894070792\windows-amd64;C:\Users\LP\.gradle\native\12488b8bf47d2d4c9fbf2f6322a914ad602e24e48041cd04a747c6da556b65c4\windows-amd64

VM Arguments:
jvm_args: --add-opens=java.base/java.util=ALL-UNNAMED --add-opens=java.base/java.lang=ALL-UNNAMED --add-opens=java.base/java.lang.invoke=ALL-UNNAMED --add-opens=java.prefs/java.util.prefs=ALL-UNNAMED -Xmx2048m -Dfile.encoding=UTF-8 -Duser.country=US -Duser.language=en -Duser.variant 
java_command: org.gradle.launcher.daemon.bootstrap.GradleDaemon 6.7.1
java_class_path (initial): C:\Users\LP\.gradle\wrapper\dists\gradle-6.7.1-bin\bwlcbys1h7rz3272sye1xwiv6\gradle-6.7.1\lib\gradle-launcher-6.7.1.jar
Launcher Type: SUN_STANDARD

[Global flags]
     intx CICompilerCount                          = 3                                         {product} {ergonomic}
     uint ConcGCThreads                            = 1                                         {product} {ergonomic}
     uint G1ConcRefinementThreads                  = 4                                         {product} {ergonomic}
   size_t G1HeapRegionSize                         = 1048576                                   {product} {ergonomic}
    uintx GCDrainStackTargetSize                   = 64                                        {product} {ergonomic}
   size_t InitialHeapSize                          = 67108864                                  {product} {ergonomic}
   size_t MarkStackSize                            = 4194304                                   {product} {ergonomic}
   size_t MaxHeapSize                              = 2147483648                                {product} {command line}
   size_t MaxNewSize                               = 1287651328                                {product} {ergonomic}
   size_t MinHeapDeltaBytes                        = 1048576                                   {product} {ergonomic}
    uintx NonNMethodCodeHeapSize                   = 5830732                                {pd product} {ergonomic}
    uintx NonProfiledCodeHeapSize                  = 122913754                              {pd product} {ergonomic}
    uintx ProfiledCodeHeapSize                     = 122913754                              {pd product} {ergonomic}
    uintx ReservedCodeCacheSize                    = 251658240                              {pd product} {ergonomic}
     bool SegmentedCodeCache                       = true                                      {product} {ergonomic}
     bool UseCompressedClassPointers               = true                                 {lp64_product} {ergonomic}
     bool UseCompressedOops                        = true                                 {lp64_product} {ergonomic}
     bool UseG1GC                                  = true                                      {product} {ergonomic}
     bool UseLargePagesIndividualAllocation        = false                                  {pd product} {ergonomic}

Logging:
Log output configuration:
 #0: stdout all=warning uptime,level,tags
 #1: stderr all=off uptime,level,tags

Environment Variables:
PATH=C:\ProgramData\Oracle\Java\javapath;C:\Windows\system32;C:\Windows;C:\Windows\System32\Wbem;C:\Windows\System32\WindowsPowerShell\v1.0\;C:\Windows\System32\OpenSSH\;C:\Program Files\swipl\bin;C:\Users\LP\AppData\Local\Microsoft\WindowsApps;C:\Users\LP\AppData\Local\Programs\Microsoft VS Code\bin;C:\flutter\bin;C:\Users\LP\AppData\Local\GitHubDesktop\bin
USERNAME=LP
OS=Windows_NT
PROCESSOR_IDENTIFIER=Intel64 Family 6 Model 61 Stepping 4, GenuineIntel



---------------  S Y S T E M  ---------------

OS: Windows 10 , 64 bit Build 19041 (10.0.19041.1023)
OS uptime: 4 days 0:04 hours

CPU:total 4 (initial active 4) (2 cores per cpu, 2 threads per core) family 6 model 61 stepping 4 microcode 0x2d, cmov, cx8, fxsr, mmx, sse, sse2, sse3, ssse3, sse4.1, sse4.2, popcnt, avx, avx2, aes, clmul, erms, 3dnowpref, lzcnt, ht, tsc, tscinvbit, bmi1, bmi2, adx, fma

Memory: 4k page, system-wide physical 4016M (234M free)
TotalPageFile size 16304M (AvailPageFile size 245M)
current process WorkingSet (physical memory assigned to process): 491M, peak: 507M
current process commit charge ("private bytes"): 739M, peak: 1070M

vm_info: OpenJDK 64-Bit Server VM (11.0.10+0-b96-7249189) for windows-amd64 JRE (11.0.10+0-b96-7249189), built on Mar 31 2021 21:44:00 by "builder" with MS VC++ 14.0 (VS2015)

END.
